<?xml version="1.0" encoding="UTF-8"?>
<?totaltestVersion 19.2.1.v20180920-0235_707?>
<!--Topaz for Total Test 19.2.1.v20180920-0235_707 Dec 7, 2018 10:34:34 AM-->
<testsuites>
  <testsuite errors="0" failures="0" name="EdsPipeline.CWXTCOB_Scenario.00001: CWXTCOBCase2" tests="2">
    <testcase classname="EdsPipeline.CWXTCOB_Scenario.00001: CWXTCOBCase2" name="00001: Check for PARM_LTH"/>
    <testcase classname="EdsPipeline.CWXTCOB_Scenario.00001: CWXTCOBCase2" name="00002: Check for PARM_DATA"/>
  </testsuite>
  <testsuite errors="0" failures="0" name="EdsPipeline.CWXTCOB_Scenario.00001: CWXTCOBCase2.CWXTCOB_RPTFILE_WRITE_02.00001: RPTFILE assertion" tests="1">
    <testcase classname="EdsPipeline.CWXTCOB_Scenario.00001: CWXTCOBCase2.CWXTCOB_RPTFILE_WRITE_02.00001: RPTFILE assertion" name="00001: Check for BLANK_LINE"/>
  </testsuite>
  <testsuite errors="0" failures="0" name="EdsPipeline.CWXTCOB_Scenario.00001: CWXTCOBCase2.CWXTCOB_RPTFILE_WRITE_02.00002: RPTFILE assertion" tests="2">
    <testcase classname="EdsPipeline.CWXTCOB_Scenario.00001: CWXTCOBCase2.CWXTCOB_RPTFILE_WRITE_02.00002: RPTFILE assertion" name="00001: Check for BLANK_LINE"/>
  </testsuite>
  <testsuite errors="0" failures="0" name="EdsPipeline.CWXTCOB_Scenario.00001: CWXTCOBCase2.CWXTCOB_RPTFILE_WRITE_02.00003: RPTFILE assertion" tests="3">
    <testcase classname="EdsPipeline.CWXTCOB_Scenario.00001: CWXTCOBCase2.CWXTCOB_RPTFILE_WRITE_02.00003: RPTFILE assertion" name="00001: Check for BLANK_LINE"/>
  </testsuite>
  <testsuite errors="0" failures="0" name="EdsPipeline.CWXTCOB_Scenario.00001: CWXTCOBCase2.CWXTCOB_RPTFILE_WRITE_02.00004: RPTFILE assertion" tests="15">
    <testcase classname="EdsPipeline.CWXTCOB_Scenario.00001: CWXTCOBCase2.CWXTCOB_RPTFILE_WRITE_02.00004: RPTFILE assertion" name="00001: Check for FILLER0"/>
    <testcase classname="EdsPipeline.CWXTCOB_Scenario.00001: CWXTCOBCase2.CWXTCOB_RPTFILE_WRITE_02.00004: RPTFILE assertion" name="00002: Check for FILLER1"/>
    <testcase classname="EdsPipeline.CWXTCOB_Scenario.00001: CWXTCOBCase2.CWXTCOB_RPTFILE_WRITE_02.00004: RPTFILE assertion" name="00003: Check for EMP_RUN_MM"/>
    <testcase classname="EdsPipeline.CWXTCOB_Scenario.00001: CWXTCOBCase2.CWXTCOB_RPTFILE_WRITE_02.00004: RPTFILE assertion" name="00004: Check for FILLER2"/>
    <testcase classname="EdsPipeline.CWXTCOB_Scenario.00001: CWXTCOBCase2.CWXTCOB_RPTFILE_WRITE_02.00004: RPTFILE assertion" name="00005: Check for EMP_RUN_DD"/>
    <testcase classname="EdsPipeline.CWXTCOB_Scenario.00001: CWXTCOBCase2.CWXTCOB_RPTFILE_WRITE_02.00004: RPTFILE assertion" name="00006: Check for FILLER3"/>
    <testcase classname="EdsPipeline.CWXTCOB_Scenario.00001: CWXTCOBCase2.CWXTCOB_RPTFILE_WRITE_02.00004: RPTFILE assertion" name="00007: Check for EMP_RUN_YY"/>
    <testcase classname="EdsPipeline.CWXTCOB_Scenario.00001: CWXTCOBCase2.CWXTCOB_RPTFILE_WRITE_02.00004: RPTFILE assertion" name="00008: Check for FILLER4"/>
    <testcase classname="EdsPipeline.CWXTCOB_Scenario.00001: CWXTCOBCase2.CWXTCOB_RPTFILE_WRITE_02.00004: RPTFILE assertion" name="00009: Check for FILLER5"/>
    <testcase classname="EdsPipeline.CWXTCOB_Scenario.00001: CWXTCOBCase2.CWXTCOB_RPTFILE_WRITE_02.00004: RPTFILE assertion" name="00010: Check for FILLER6"/>
    <testcase classname="EdsPipeline.CWXTCOB_Scenario.00001: CWXTCOBCase2.CWXTCOB_RPTFILE_WRITE_02.00004: RPTFILE assertion" name="00011: Check for FILLER7"/>
    <testcase classname="EdsPipeline.CWXTCOB_Scenario.00001: CWXTCOBCase2.CWXTCOB_RPTFILE_WRITE_02.00004: RPTFILE assertion" name="00012: Check for EMP_PAGE"/>
  </testsuite>
  <testsuite errors="0" failures="0" name="EdsPipeline.CWXTCOB_Scenario.00001: CWXTCOBCase2.CWXTCOB_RPTFILE_WRITE_02.00005: RPTFILE assertion" tests="16">
    <testcase classname="EdsPipeline.CWXTCOB_Scenario.00001: CWXTCOBCase2.CWXTCOB_RPTFILE_WRITE_02.00005: RPTFILE assertion" name="00001: Check for BLANK_LINE"/>
  </testsuite>
  <testsuite errors="0" failures="0" name="EdsPipeline.CWXTCOB_Scenario.00001: CWXTCOBCase2.CWXTCOB_RPTFILE_WRITE_02.00006: RPTFILE assertion" tests="17">
    <testcase classname="EdsPipeline.CWXTCOB_Scenario.00001: CWXTCOBCase2.CWXTCOB_RPTFILE_WRITE_02.00006: RPTFILE assertion" name="00001: Check for BLANK_LINE"/>
  </testsuite>
  <testsuite errors="0" failures="0" name="EdsPipeline.CWXTCOB_Scenario.00001: CWXTCOBCase2.CWXTCOB_RPTFILE_WRITE_02.00007: RPTFILE assertion" tests="22">
    <testcase classname="EdsPipeline.CWXTCOB_Scenario.00001: CWXTCOBCase2.CWXTCOB_RPTFILE_WRITE_02.00007: RPTFILE assertion" name="00001: Check for FILLER0"/>
    <testcase classname="EdsPipeline.CWXTCOB_Scenario.00001: CWXTCOBCase2.CWXTCOB_RPTFILE_WRITE_02.00007: RPTFILE assertion" name="00002: Check for FILLER1"/>
    <testcase classname="EdsPipeline.CWXTCOB_Scenario.00001: CWXTCOBCase2.CWXTCOB_RPTFILE_WRITE_02.00007: RPTFILE assertion" name="00003: Check for FILLER2"/>
    <testcase classname="EdsPipeline.CWXTCOB_Scenario.00001: CWXTCOBCase2.CWXTCOB_RPTFILE_WRITE_02.00007: RPTFILE assertion" name="00004: Check for FILLER3"/>
    <testcase classname="EdsPipeline.CWXTCOB_Scenario.00001: CWXTCOBCase2.CWXTCOB_RPTFILE_WRITE_02.00007: RPTFILE assertion" name="00005: Check for FILLER4"/>
  </testsuite>
  <testsuite errors="0" failures="0" name="EdsPipeline.CWXTCOB_Scenario.00001: CWXTCOBCase2.CWXTCOB_RPTFILE_WRITE_02.00008: RPTFILE assertion" tests="40">
    <testcase classname="EdsPipeline.CWXTCOB_Scenario.00001: CWXTCOBCase2.CWXTCOB_RPTFILE_WRITE_02.00008: RPTFILE assertion" name="00001: Check for FILLER0"/>
    <testcase classname="EdsPipeline.CWXTCOB_Scenario.00001: CWXTCOBCase2.CWXTCOB_RPTFILE_WRITE_02.00008: RPTFILE assertion" name="00002: Check for FILLER1"/>
    <testcase classname="EdsPipeline.CWXTCOB_Scenario.00001: CWXTCOBCase2.CWXTCOB_RPTFILE_WRITE_02.00008: RPTFILE assertion" name="00003: Check for FILLER2"/>
    <testcase classname="EdsPipeline.CWXTCOB_Scenario.00001: CWXTCOBCase2.CWXTCOB_RPTFILE_WRITE_02.00008: RPTFILE assertion" name="00004: Check for FILLER3"/>
    <testcase classname="EdsPipeline.CWXTCOB_Scenario.00001: CWXTCOBCase2.CWXTCOB_RPTFILE_WRITE_02.00008: RPTFILE assertion" name="00005: Check for FILLER4"/>
    <testcase classname="EdsPipeline.CWXTCOB_Scenario.00001: CWXTCOBCase2.CWXTCOB_RPTFILE_WRITE_02.00008: RPTFILE assertion" name="00006: Check for FILLER5"/>
    <testcase classname="EdsPipeline.CWXTCOB_Scenario.00001: CWXTCOBCase2.CWXTCOB_RPTFILE_WRITE_02.00008: RPTFILE assertion" name="00007: Check for FILLER6"/>
    <testcase classname="EdsPipeline.CWXTCOB_Scenario.00001: CWXTCOBCase2.CWXTCOB_RPTFILE_WRITE_02.00008: RPTFILE assertion" name="00008: Check for FILLER7"/>
    <testcase classname="EdsPipeline.CWXTCOB_Scenario.00001: CWXTCOBCase2.CWXTCOB_RPTFILE_WRITE_02.00008: RPTFILE assertion" name="00009: Check for FILLER8"/>
    <testcase classname="EdsPipeline.CWXTCOB_Scenario.00001: CWXTCOBCase2.CWXTCOB_RPTFILE_WRITE_02.00008: RPTFILE assertion" name="00010: Check for FILLER9"/>
    <testcase classname="EdsPipeline.CWXTCOB_Scenario.00001: CWXTCOBCase2.CWXTCOB_RPTFILE_WRITE_02.00008: RPTFILE assertion" name="00011: Check for FILLER10"/>
    <testcase classname="EdsPipeline.CWXTCOB_Scenario.00001: CWXTCOBCase2.CWXTCOB_RPTFILE_WRITE_02.00008: RPTFILE assertion" name="00012: Check for FILLER11"/>
    <testcase classname="EdsPipeline.CWXTCOB_Scenario.00001: CWXTCOBCase2.CWXTCOB_RPTFILE_WRITE_02.00008: RPTFILE assertion" name="00013: Check for FILLER12"/>
    <testcase classname="EdsPipeline.CWXTCOB_Scenario.00001: CWXTCOBCase2.CWXTCOB_RPTFILE_WRITE_02.00008: RPTFILE assertion" name="00014: Check for FILLER13"/>
    <testcase classname="EdsPipeline.CWXTCOB_Scenario.00001: CWXTCOBCase2.CWXTCOB_RPTFILE_WRITE_02.00008: RPTFILE assertion" name="00015: Check for FILLER14"/>
    <testcase classname="EdsPipeline.CWXTCOB_Scenario.00001: CWXTCOBCase2.CWXTCOB_RPTFILE_WRITE_02.00008: RPTFILE assertion" name="00016: Check for FILLER15"/>
    <testcase classname="EdsPipeline.CWXTCOB_Scenario.00001: CWXTCOBCase2.CWXTCOB_RPTFILE_WRITE_02.00008: RPTFILE assertion" name="00017: Check for FILLER16"/>
    <testcase classname="EdsPipeline.CWXTCOB_Scenario.00001: CWXTCOBCase2.CWXTCOB_RPTFILE_WRITE_02.00008: RPTFILE assertion" name="00018: Check for FILLER17"/>
  </testsuite>
  <testsuite errors="0" failures="0" name="EdsPipeline.CWXTCOB_Scenario.00001: CWXTCOBCase2.CWXTCOB_RPTFILE_WRITE_02.00009: RPTFILE assertion" tests="41">
    <testcase classname="EdsPipeline.CWXTCOB_Scenario.00001: CWXTCOBCase2.CWXTCOB_RPTFILE_WRITE_02.00009: RPTFILE assertion" name="00001: Check for BLANK_LINE"/>
  </testsuite>
  <testsuite errors="0" failures="0" name="EdsPipeline.CWXTCOB_Scenario.00001: CWXTCOBCase2.CWXTCOB_RPTFILE_WRITE_02.00010: RPTFILE assertion" tests="63">
    <testcase classname="EdsPipeline.CWXTCOB_Scenario.00001: CWXTCOBCase2.CWXTCOB_RPTFILE_WRITE_02.00010: RPTFILE assertion" name="00001: Check for FILLER0"/>
    <testcase classname="EdsPipeline.CWXTCOB_Scenario.00001: CWXTCOBCase2.CWXTCOB_RPTFILE_WRITE_02.00010: RPTFILE assertion" name="00002: Check for EMP_DTL_NAME"/>
    <testcase classname="EdsPipeline.CWXTCOB_Scenario.00001: CWXTCOBCase2.CWXTCOB_RPTFILE_WRITE_02.00010: RPTFILE assertion" name="00003: Check for FILLER1"/>
    <testcase classname="EdsPipeline.CWXTCOB_Scenario.00001: CWXTCOBCase2.CWXTCOB_RPTFILE_WRITE_02.00010: RPTFILE assertion" name="00004: Check for EMP_DTL_REGION"/>
    <testcase classname="EdsPipeline.CWXTCOB_Scenario.00001: CWXTCOBCase2.CWXTCOB_RPTFILE_WRITE_02.00010: RPTFILE assertion" name="00005: Check for FILLER2"/>
    <testcase classname="EdsPipeline.CWXTCOB_Scenario.00001: CWXTCOBCase2.CWXTCOB_RPTFILE_WRITE_02.00010: RPTFILE assertion" name="00006: Check for EMP_DTL_TYPE"/>
    <testcase classname="EdsPipeline.CWXTCOB_Scenario.00001: CWXTCOBCase2.CWXTCOB_RPTFILE_WRITE_02.00010: RPTFILE assertion" name="00007: Check for FILLER3"/>
    <testcase classname="EdsPipeline.CWXTCOB_Scenario.00001: CWXTCOBCase2.CWXTCOB_RPTFILE_WRITE_02.00010: RPTFILE assertion" name="00008: Check for EMP_DTL_HIRE_MM"/>
    <testcase classname="EdsPipeline.CWXTCOB_Scenario.00001: CWXTCOBCase2.CWXTCOB_RPTFILE_WRITE_02.00010: RPTFILE assertion" name="00009: Check for EMP_DTL_SLASH1"/>
    <testcase classname="EdsPipeline.CWXTCOB_Scenario.00001: CWXTCOBCase2.CWXTCOB_RPTFILE_WRITE_02.00010: RPTFILE assertion" name="00010: Check for EMP_DTL_HIRE_DD"/>
    <testcase classname="EdsPipeline.CWXTCOB_Scenario.00001: CWXTCOBCase2.CWXTCOB_RPTFILE_WRITE_02.00010: RPTFILE assertion" name="00011: Check for EMP_DTL_SLASH2"/>
    <testcase classname="EdsPipeline.CWXTCOB_Scenario.00001: CWXTCOBCase2.CWXTCOB_RPTFILE_WRITE_02.00010: RPTFILE assertion" name="00012: Check for EMP_DTL_HIRE_YY"/>
    <testcase classname="EdsPipeline.CWXTCOB_Scenario.00001: CWXTCOBCase2.CWXTCOB_RPTFILE_WRITE_02.00010: RPTFILE assertion" name="00013: Check for FILLER4"/>
    <testcase classname="EdsPipeline.CWXTCOB_Scenario.00001: CWXTCOBCase2.CWXTCOB_RPTFILE_WRITE_02.00010: RPTFILE assertion" name="00014: Check for EMP_DTL_YRS_OF_SERVICE"/>
    <testcase classname="EdsPipeline.CWXTCOB_Scenario.00001: CWXTCOBCase2.CWXTCOB_RPTFILE_WRITE_02.00010: RPTFILE assertion" name="00015: Check for FILLER5"/>
    <testcase classname="EdsPipeline.CWXTCOB_Scenario.00001: CWXTCOBCase2.CWXTCOB_RPTFILE_WRITE_02.00010: RPTFILE assertion" name="00016: Check for EMP_DTL_WAGES"/>
    <testcase classname="EdsPipeline.CWXTCOB_Scenario.00001: CWXTCOBCase2.CWXTCOB_RPTFILE_WRITE_02.00010: RPTFILE assertion" name="00017: Check for FILLER6"/>
    <testcase classname="EdsPipeline.CWXTCOB_Scenario.00001: CWXTCOBCase2.CWXTCOB_RPTFILE_WRITE_02.00010: RPTFILE assertion" name="00018: Check for EMP_DTL_OT"/>
    <testcase classname="EdsPipeline.CWXTCOB_Scenario.00001: CWXTCOBCase2.CWXTCOB_RPTFILE_WRITE_02.00010: RPTFILE assertion" name="00019: Check for FILLER7"/>
    <testcase classname="EdsPipeline.CWXTCOB_Scenario.00001: CWXTCOBCase2.CWXTCOB_RPTFILE_WRITE_02.00010: RPTFILE assertion" name="00020: Check for EMP_DTL_COMM"/>
    <testcase classname="EdsPipeline.CWXTCOB_Scenario.00001: CWXTCOBCase2.CWXTCOB_RPTFILE_WRITE_02.00010: RPTFILE assertion" name="00021: Check for FILLER8"/>
    <testcase classname="EdsPipeline.CWXTCOB_Scenario.00001: CWXTCOBCase2.CWXTCOB_RPTFILE_WRITE_02.00010: RPTFILE assertion" name="00022: Check for EMP_DTL_TOTAL"/>
  </testsuite>
  <testsuite errors="0" failures="0" name="EdsPipeline.CWXTCOB_Scenario.00001: CWXTCOBCase2.CWXTCOB_RPTFILE_WRITE_02.00011: RPTFILE assertion" tests="85">
    <testcase classname="EdsPipeline.CWXTCOB_Scenario.00001: CWXTCOBCase2.CWXTCOB_RPTFILE_WRITE_02.00011: RPTFILE assertion" name="00001: Check for FILLER0"/>
    <testcase classname="EdsPipeline.CWXTCOB_Scenario.00001: CWXTCOBCase2.CWXTCOB_RPTFILE_WRITE_02.00011: RPTFILE assertion" name="00002: Check for EMP_DTL_NAME"/>
    <testcase classname="EdsPipeline.CWXTCOB_Scenario.00001: CWXTCOBCase2.CWXTCOB_RPTFILE_WRITE_02.00011: RPTFILE assertion" name="00003: Check for FILLER1"/>
    <testcase classname="EdsPipeline.CWXTCOB_Scenario.00001: CWXTCOBCase2.CWXTCOB_RPTFILE_WRITE_02.00011: RPTFILE assertion" name="00004: Check for EMP_DTL_REGION"/>
    <testcase classname="EdsPipeline.CWXTCOB_Scenario.00001: CWXTCOBCase2.CWXTCOB_RPTFILE_WRITE_02.00011: RPTFILE assertion" name="00005: Check for FILLER2"/>
    <testcase classname="EdsPipeline.CWXTCOB_Scenario.00001: CWXTCOBCase2.CWXTCOB_RPTFILE_WRITE_02.00011: RPTFILE assertion" name="00006: Check for EMP_DTL_TYPE"/>
    <testcase classname="EdsPipeline.CWXTCOB_Scenario.00001: CWXTCOBCase2.CWXTCOB_RPTFILE_WRITE_02.00011: RPTFILE assertion" name="00007: Check for FILLER3"/>
    <testcase classname="EdsPipeline.CWXTCOB_Scenario.00001: CWXTCOBCase2.CWXTCOB_RPTFILE_WRITE_02.00011: RPTFILE assertion" name="00008: Check for EMP_DTL_HIRE_MM"/>
    <testcase classname="EdsPipeline.CWXTCOB_Scenario.00001: CWXTCOBCase2.CWXTCOB_RPTFILE_WRITE_02.00011: RPTFILE assertion" name="00009: Check for EMP_DTL_SLASH1"/>
    <testcase classname="EdsPipeline.CWXTCOB_Scenario.00001: CWXTCOBCase2.CWXTCOB_RPTFILE_WRITE_02.00011: RPTFILE assertion" name="00010: Check for EMP_DTL_HIRE_DD"/>
    <testcase classname="EdsPipeline.CWXTCOB_Scenario.00001: CWXTCOBCase2.CWXTCOB_RPTFILE_WRITE_02.00011: RPTFILE assertion" name="00011: Check for EMP_DTL_SLASH2"/>
    <testcase classname="EdsPipeline.CWXTCOB_Scenario.00001: CWXTCOBCase2.CWXTCOB_RPTFILE_WRITE_02.00011: RPTFILE assertion" name="00012: Check for EMP_DTL_HIRE_YY"/>
    <testcase classname="EdsPipeline.CWXTCOB_Scenario.00001: CWXTCOBCase2.CWXTCOB_RPTFILE_WRITE_02.00011: RPTFILE assertion" name="00013: Check for FILLER4"/>
    <testcase classname="EdsPipeline.CWXTCOB_Scenario.00001: CWXTCOBCase2.CWXTCOB_RPTFILE_WRITE_02.00011: RPTFILE assertion" name="00014: Check for EMP_DTL_YRS_OF_SERVICE"/>
    <testcase classname="EdsPipeline.CWXTCOB_Scenario.00001: CWXTCOBCase2.CWXTCOB_RPTFILE_WRITE_02.00011: RPTFILE assertion" name="00015: Check for FILLER5"/>
    <testcase classname="EdsPipeline.CWXTCOB_Scenario.00001: CWXTCOBCase2.CWXTCOB_RPTFILE_WRITE_02.00011: RPTFILE assertion" name="00016: Check for EMP_DTL_WAGES"/>
    <testcase classname="EdsPipeline.CWXTCOB_Scenario.00001: CWXTCOBCase2.CWXTCOB_RPTFILE_WRITE_02.00011: RPTFILE assertion" name="00017: Check for FILLER6"/>
    <testcase classname="EdsPipeline.CWXTCOB_Scenario.00001: CWXTCOBCase2.CWXTCOB_RPTFILE_WRITE_02.00011: RPTFILE assertion" name="00018: Check for EMP_DTL_OT"/>
    <testcase classname="EdsPipeline.CWXTCOB_Scenario.00001: CWXTCOBCase2.CWXTCOB_RPTFILE_WRITE_02.00011: RPTFILE assertion" name="00019: Check for FILLER7"/>
    <testcase classname="EdsPipeline.CWXTCOB_Scenario.00001: CWXTCOBCase2.CWXTCOB_RPTFILE_WRITE_02.00011: RPTFILE assertion" name="00020: Check for EMP_DTL_COMM"/>
    <testcase classname="EdsPipeline.CWXTCOB_Scenario.00001: CWXTCOBCase2.CWXTCOB_RPTFILE_WRITE_02.00011: RPTFILE assertion" name="00021: Check for FILLER8"/>
    <testcase classname="EdsPipeline.CWXTCOB_Scenario.00001: CWXTCOBCase2.CWXTCOB_RPTFILE_WRITE_02.00011: RPTFILE assertion" name="00022: Check for EMP_DTL_TOTAL"/>
  </testsuite>
  <testsuite errors="0" failures="0" name="EdsPipeline.CWXTCOB_Scenario.00001: CWXTCOBCase2.CWXTCOB_RPTFILE_WRITE_02.00012: RPTFILE assertion" tests="107">
    <testcase classname="EdsPipeline.CWXTCOB_Scenario.00001: CWXTCOBCase2.CWXTCOB_RPTFILE_WRITE_02.00012: RPTFILE assertion" name="00001: Check for FILLER0"/>
    <testcase classname="EdsPipeline.CWXTCOB_Scenario.00001: CWXTCOBCase2.CWXTCOB_RPTFILE_WRITE_02.00012: RPTFILE assertion" name="00002: Check for EMP_DTL_NAME"/>
    <testcase classname="EdsPipeline.CWXTCOB_Scenario.00001: CWXTCOBCase2.CWXTCOB_RPTFILE_WRITE_02.00012: RPTFILE assertion" name="00003: Check for FILLER1"/>
    <testcase classname="EdsPipeline.CWXTCOB_Scenario.00001: CWXTCOBCase2.CWXTCOB_RPTFILE_WRITE_02.00012: RPTFILE assertion" name="00004: Check for EMP_DTL_REGION"/>
    <testcase classname="EdsPipeline.CWXTCOB_Scenario.00001: CWXTCOBCase2.CWXTCOB_RPTFILE_WRITE_02.00012: RPTFILE assertion" name="00005: Check for FILLER2"/>
    <testcase classname="EdsPipeline.CWXTCOB_Scenario.00001: CWXTCOBCase2.CWXTCOB_RPTFILE_WRITE_02.00012: RPTFILE assertion" name="00006: Check for EMP_DTL_TYPE"/>
    <testcase classname="EdsPipeline.CWXTCOB_Scenario.00001: CWXTCOBCase2.CWXTCOB_RPTFILE_WRITE_02.00012: RPTFILE assertion" name="00007: Check for FILLER3"/>
    <testcase classname="EdsPipeline.CWXTCOB_Scenario.00001: CWXTCOBCase2.CWXTCOB_RPTFILE_WRITE_02.00012: RPTFILE assertion" name="00008: Check for EMP_DTL_HIRE_MM"/>
    <testcase classname="EdsPipeline.CWXTCOB_Scenario.00001: CWXTCOBCase2.CWXTCOB_RPTFILE_WRITE_02.00012: RPTFILE assertion" name="00009: Check for EMP_DTL_SLASH1"/>
    <testcase classname="EdsPipeline.CWXTCOB_Scenario.00001: CWXTCOBCase2.CWXTCOB_RPTFILE_WRITE_02.00012: RPTFILE assertion" name="00010: Check for EMP_DTL_HIRE_DD"/>
    <testcase classname="EdsPipeline.CWXTCOB_Scenario.00001: CWXTCOBCase2.CWXTCOB_RPTFILE_WRITE_02.00012: RPTFILE assertion" name="00011: Check for EMP_DTL_SLASH2"/>
    <testcase classname="EdsPipeline.CWXTCOB_Scenario.00001: CWXTCOBCase2.CWXTCOB_RPTFILE_WRITE_02.00012: RPTFILE assertion" name="00012: Check for EMP_DTL_HIRE_YY"/>
    <testcase classname="EdsPipeline.CWXTCOB_Scenario.00001: CWXTCOBCase2.CWXTCOB_RPTFILE_WRITE_02.00012: RPTFILE assertion" name="00013: Check for FILLER4"/>
    <testcase classname="EdsPipeline.CWXTCOB_Scenario.00001: CWXTCOBCase2.CWXTCOB_RPTFILE_WRITE_02.00012: RPTFILE assertion" name="00014: Check for EMP_DTL_YRS_OF_SERVICE"/>
    <testcase classname="EdsPipeline.CWXTCOB_Scenario.00001: CWXTCOBCase2.CWXTCOB_RPTFILE_WRITE_02.00012: RPTFILE assertion" name="00015: Check for FILLER5"/>
    <testcase classname="EdsPipeline.CWXTCOB_Scenario.00001: CWXTCOBCase2.CWXTCOB_RPTFILE_WRITE_02.00012: RPTFILE assertion" name="00016: Check for EMP_DTL_WAGES"/>
    <testcase classname="EdsPipeline.CWXTCOB_Scenario.00001: CWXTCOBCase2.CWXTCOB_RPTFILE_WRITE_02.00012: RPTFILE assertion" name="00017: Check for FILLER6"/>
    <testcase classname="EdsPipeline.CWXTCOB_Scenario.00001: CWXTCOBCase2.CWXTCOB_RPTFILE_WRITE_02.00012: RPTFILE assertion" name="00018: Check for EMP_DTL_OT"/>
    <testcase classname="EdsPipeline.CWXTCOB_Scenario.00001: CWXTCOBCase2.CWXTCOB_RPTFILE_WRITE_02.00012: RPTFILE assertion" name="00019: Check for FILLER7"/>
    <testcase classname="EdsPipeline.CWXTCOB_Scenario.00001: CWXTCOBCase2.CWXTCOB_RPTFILE_WRITE_02.00012: RPTFILE assertion" name="00020: Check for EMP_DTL_COMM"/>
    <testcase classname="EdsPipeline.CWXTCOB_Scenario.00001: CWXTCOBCase2.CWXTCOB_RPTFILE_WRITE_02.00012: RPTFILE assertion" name="00021: Check for FILLER8"/>
    <testcase classname="EdsPipeline.CWXTCOB_Scenario.00001: CWXTCOBCase2.CWXTCOB_RPTFILE_WRITE_02.00012: RPTFILE assertion" name="00022: Check for EMP_DTL_TOTAL"/>
  </testsuite>
  <testsuite errors="0" failures="0" name="EdsPipeline.CWXTCOB_Scenario.00001: CWXTCOBCase2.CWXTCOB_RPTFILE_WRITE_02.00013: RPTFILE assertion" tests="129">
    <testcase classname="EdsPipeline.CWXTCOB_Scenario.00001: CWXTCOBCase2.CWXTCOB_RPTFILE_WRITE_02.00013: RPTFILE assertion" name="00001: Check for FILLER0"/>
    <testcase classname="EdsPipeline.CWXTCOB_Scenario.00001: CWXTCOBCase2.CWXTCOB_RPTFILE_WRITE_02.00013: RPTFILE assertion" name="00002: Check for EMP_DTL_NAME"/>
    <testcase classname="EdsPipeline.CWXTCOB_Scenario.00001: CWXTCOBCase2.CWXTCOB_RPTFILE_WRITE_02.00013: RPTFILE assertion" name="00003: Check for FILLER1"/>
    <testcase classname="EdsPipeline.CWXTCOB_Scenario.00001: CWXTCOBCase2.CWXTCOB_RPTFILE_WRITE_02.00013: RPTFILE assertion" name="00004: Check for EMP_DTL_REGION"/>
    <testcase classname="EdsPipeline.CWXTCOB_Scenario.00001: CWXTCOBCase2.CWXTCOB_RPTFILE_WRITE_02.00013: RPTFILE assertion" name="00005: Check for FILLER2"/>
    <testcase classname="EdsPipeline.CWXTCOB_Scenario.00001: CWXTCOBCase2.CWXTCOB_RPTFILE_WRITE_02.00013: RPTFILE assertion" name="00006: Check for EMP_DTL_TYPE"/>
    <testcase classname="EdsPipeline.CWXTCOB_Scenario.00001: CWXTCOBCase2.CWXTCOB_RPTFILE_WRITE_02.00013: RPTFILE assertion" name="00007: Check for FILLER3"/>
    <testcase classname="EdsPipeline.CWXTCOB_Scenario.00001: CWXTCOBCase2.CWXTCOB_RPTFILE_WRITE_02.00013: RPTFILE assertion" name="00008: Check for EMP_DTL_HIRE_MM"/>
    <testcase classname="EdsPipeline.CWXTCOB_Scenario.00001: CWXTCOBCase2.CWXTCOB_RPTFILE_WRITE_02.00013: RPTFILE assertion" name="00009: Check for EMP_DTL_SLASH1"/>
    <testcase classname="EdsPipeline.CWXTCOB_Scenario.00001: CWXTCOBCase2.CWXTCOB_RPTFILE_WRITE_02.00013: RPTFILE assertion" name="00010: Check for EMP_DTL_HIRE_DD"/>
    <testcase classname="EdsPipeline.CWXTCOB_Scenario.00001: CWXTCOBCase2.CWXTCOB_RPTFILE_WRITE_02.00013: RPTFILE assertion" name="00011: Check for EMP_DTL_SLASH2"/>
    <testcase classname="EdsPipeline.CWXTCOB_Scenario.00001: CWXTCOBCase2.CWXTCOB_RPTFILE_WRITE_02.00013: RPTFILE assertion" name="00012: Check for EMP_DTL_HIRE_YY"/>
    <testcase classname="EdsPipeline.CWXTCOB_Scenario.00001: CWXTCOBCase2.CWXTCOB_RPTFILE_WRITE_02.00013: RPTFILE assertion" name="00013: Check for FILLER4"/>
    <testcase classname="EdsPipeline.CWXTCOB_Scenario.00001: CWXTCOBCase2.CWXTCOB_RPTFILE_WRITE_02.00013: RPTFILE assertion" name="00014: Check for EMP_DTL_YRS_OF_SERVICE"/>
    <testcase classname="EdsPipeline.CWXTCOB_Scenario.00001: CWXTCOBCase2.CWXTCOB_RPTFILE_WRITE_02.00013: RPTFILE assertion" name="00015: Check for FILLER5"/>
    <testcase classname="EdsPipeline.CWXTCOB_Scenario.00001: CWXTCOBCase2.CWXTCOB_RPTFILE_WRITE_02.00013: RPTFILE assertion" name="00016: Check for EMP_DTL_WAGES"/>
    <testcase classname="EdsPipeline.CWXTCOB_Scenario.00001: CWXTCOBCase2.CWXTCOB_RPTFILE_WRITE_02.00013: RPTFILE assertion" name="00017: Check for FILLER6"/>
    <testcase classname="EdsPipeline.CWXTCOB_Scenario.00001: CWXTCOBCase2.CWXTCOB_RPTFILE_WRITE_02.00013: RPTFILE assertion" name="00018: Check for EMP_DTL_OT"/>
    <testcase classname="EdsPipeline.CWXTCOB_Scenario.00001: CWXTCOBCase2.CWXTCOB_RPTFILE_WRITE_02.00013: RPTFILE assertion" name="00019: Check for FILLER7"/>
    <testcase classname="EdsPipeline.CWXTCOB_Scenario.00001: CWXTCOBCase2.CWXTCOB_RPTFILE_WRITE_02.00013: RPTFILE assertion" name="00020: Check for EMP_DTL_COMM"/>
    <testcase classname="EdsPipeline.CWXTCOB_Scenario.00001: CWXTCOBCase2.CWXTCOB_RPTFILE_WRITE_02.00013: RPTFILE assertion" name="00021: Check for FILLER8"/>
    <testcase classname="EdsPipeline.CWXTCOB_Scenario.00001: CWXTCOBCase2.CWXTCOB_RPTFILE_WRITE_02.00013: RPTFILE assertion" name="00022: Check for EMP_DTL_TOTAL"/>
  </testsuite>
  <testsuite errors="0" failures="0" name="EdsPipeline.CWXTCOB_Scenario.00001: CWXTCOBCase2.CWXTCOB_RPTFILE_WRITE_02.00014: RPTFILE assertion" tests="151">
    <testcase classname="EdsPipeline.CWXTCOB_Scenario.00001: CWXTCOBCase2.CWXTCOB_RPTFILE_WRITE_02.00014: RPTFILE assertion" name="00001: Check for FILLER0"/>
    <testcase classname="EdsPipeline.CWXTCOB_Scenario.00001: CWXTCOBCase2.CWXTCOB_RPTFILE_WRITE_02.00014: RPTFILE assertion" name="00002: Check for EMP_DTL_NAME"/>
    <testcase classname="EdsPipeline.CWXTCOB_Scenario.00001: CWXTCOBCase2.CWXTCOB_RPTFILE_WRITE_02.00014: RPTFILE assertion" name="00003: Check for FILLER1"/>
    <testcase classname="EdsPipeline.CWXTCOB_Scenario.00001: CWXTCOBCase2.CWXTCOB_RPTFILE_WRITE_02.00014: RPTFILE assertion" name="00004: Check for EMP_DTL_REGION"/>
    <testcase classname="EdsPipeline.CWXTCOB_Scenario.00001: CWXTCOBCase2.CWXTCOB_RPTFILE_WRITE_02.00014: RPTFILE assertion" name="00005: Check for FILLER2"/>
    <testcase classname="EdsPipeline.CWXTCOB_Scenario.00001: CWXTCOBCase2.CWXTCOB_RPTFILE_WRITE_02.00014: RPTFILE assertion" name="00006: Check for EMP_DTL_TYPE"/>
    <testcase classname="EdsPipeline.CWXTCOB_Scenario.00001: CWXTCOBCase2.CWXTCOB_RPTFILE_WRITE_02.00014: RPTFILE assertion" name="00007: Check for FILLER3"/>
    <testcase classname="EdsPipeline.CWXTCOB_Scenario.00001: CWXTCOBCase2.CWXTCOB_RPTFILE_WRITE_02.00014: RPTFILE assertion" name="00008: Check for EMP_DTL_HIRE_MM"/>
    <testcase classname="EdsPipeline.CWXTCOB_Scenario.00001: CWXTCOBCase2.CWXTCOB_RPTFILE_WRITE_02.00014: RPTFILE assertion" name="00009: Check for EMP_DTL_SLASH1"/>
    <testcase classname="EdsPipeline.CWXTCOB_Scenario.00001: CWXTCOBCase2.CWXTCOB_RPTFILE_WRITE_02.00014: RPTFILE assertion" name="00010: Check for EMP_DTL_HIRE_DD"/>
    <testcase classname="EdsPipeline.CWXTCOB_Scenario.00001: CWXTCOBCase2.CWXTCOB_RPTFILE_WRITE_02.00014: RPTFILE assertion" name="00011: Check for EMP_DTL_SLASH2"/>
    <testcase classname="EdsPipeline.CWXTCOB_Scenario.00001: CWXTCOBCase2.CWXTCOB_RPTFILE_WRITE_02.00014: RPTFILE assertion" name="00012: Check for EMP_DTL_HIRE_YY"/>
    <testcase classname="EdsPipeline.CWXTCOB_Scenario.00001: CWXTCOBCase2.CWXTCOB_RPTFILE_WRITE_02.00014: RPTFILE assertion" name="00013: Check for FILLER4"/>
    <testcase classname="EdsPipeline.CWXTCOB_Scenario.00001: CWXTCOBCase2.CWXTCOB_RPTFILE_WRITE_02.00014: RPTFILE assertion" name="00014: Check for EMP_DTL_YRS_OF_SERVICE"/>
    <testcase classname="EdsPipeline.CWXTCOB_Scenario.00001: CWXTCOBCase2.CWXTCOB_RPTFILE_WRITE_02.00014: RPTFILE assertion" name="00015: Check for FILLER5"/>
    <testcase classname="EdsPipeline.CWXTCOB_Scenario.00001: CWXTCOBCase2.CWXTCOB_RPTFILE_WRITE_02.00014: RPTFILE assertion" name="00016: Check for EMP_DTL_WAGES"/>
    <testcase classname="EdsPipeline.CWXTCOB_Scenario.00001: CWXTCOBCase2.CWXTCOB_RPTFILE_WRITE_02.00014: RPTFILE assertion" name="00017: Check for FILLER6"/>
    <testcase classname="EdsPipeline.CWXTCOB_Scenario.00001: CWXTCOBCase2.CWXTCOB_RPTFILE_WRITE_02.00014: RPTFILE assertion" name="00018: Check for EMP_DTL_OT"/>
    <testcase classname="EdsPipeline.CWXTCOB_Scenario.00001: CWXTCOBCase2.CWXTCOB_RPTFILE_WRITE_02.00014: RPTFILE assertion" name="00019: Check for FILLER7"/>
    <testcase classname="EdsPipeline.CWXTCOB_Scenario.00001: CWXTCOBCase2.CWXTCOB_RPTFILE_WRITE_02.00014: RPTFILE assertion" name="00020: Check for EMP_DTL_COMM"/>
    <testcase classname="EdsPipeline.CWXTCOB_Scenario.00001: CWXTCOBCase2.CWXTCOB_RPTFILE_WRITE_02.00014: RPTFILE assertion" name="00021: Check for FILLER8"/>
    <testcase classname="EdsPipeline.CWXTCOB_Scenario.00001: CWXTCOBCase2.CWXTCOB_RPTFILE_WRITE_02.00014: RPTFILE assertion" name="00022: Check for EMP_DTL_TOTAL"/>
  </testsuite>
  <testsuite errors="0" failures="0" name="EdsPipeline.CWXTCOB_Scenario.00001: CWXTCOBCase2.CWXTCOB_RPTFILE_WRITE_02.00015: RPTFILE assertion" tests="173">
    <testcase classname="EdsPipeline.CWXTCOB_Scenario.00001: CWXTCOBCase2.CWXTCOB_RPTFILE_WRITE_02.00015: RPTFILE assertion" name="00001: Check for FILLER0"/>
    <testcase classname="EdsPipeline.CWXTCOB_Scenario.00001: CWXTCOBCase2.CWXTCOB_RPTFILE_WRITE_02.00015: RPTFILE assertion" name="00002: Check for EMP_DTL_NAME"/>
    <testcase classname="EdsPipeline.CWXTCOB_Scenario.00001: CWXTCOBCase2.CWXTCOB_RPTFILE_WRITE_02.00015: RPTFILE assertion" name="00003: Check for FILLER1"/>
    <testcase classname="EdsPipeline.CWXTCOB_Scenario.00001: CWXTCOBCase2.CWXTCOB_RPTFILE_WRITE_02.00015: RPTFILE assertion" name="00004: Check for EMP_DTL_REGION"/>
    <testcase classname="EdsPipeline.CWXTCOB_Scenario.00001: CWXTCOBCase2.CWXTCOB_RPTFILE_WRITE_02.00015: RPTFILE assertion" name="00005: Check for FILLER2"/>
    <testcase classname="EdsPipeline.CWXTCOB_Scenario.00001: CWXTCOBCase2.CWXTCOB_RPTFILE_WRITE_02.00015: RPTFILE assertion" name="00006: Check for EMP_DTL_TYPE"/>
    <testcase classname="EdsPipeline.CWXTCOB_Scenario.00001: CWXTCOBCase2.CWXTCOB_RPTFILE_WRITE_02.00015: RPTFILE assertion" name="00007: Check for FILLER3"/>
    <testcase classname="EdsPipeline.CWXTCOB_Scenario.00001: CWXTCOBCase2.CWXTCOB_RPTFILE_WRITE_02.00015: RPTFILE assertion" name="00008: Check for EMP_DTL_HIRE_MM"/>
    <testcase classname="EdsPipeline.CWXTCOB_Scenario.00001: CWXTCOBCase2.CWXTCOB_RPTFILE_WRITE_02.00015: RPTFILE assertion" name="00009: Check for EMP_DTL_SLASH1"/>
    <testcase classname="EdsPipeline.CWXTCOB_Scenario.00001: CWXTCOBCase2.CWXTCOB_RPTFILE_WRITE_02.00015: RPTFILE assertion" name="00010: Check for EMP_DTL_HIRE_DD"/>
    <testcase classname="EdsPipeline.CWXTCOB_Scenario.00001: CWXTCOBCase2.CWXTCOB_RPTFILE_WRITE_02.00015: RPTFILE assertion" name="00011: Check for EMP_DTL_SLASH2"/>
    <testcase classname="EdsPipeline.CWXTCOB_Scenario.00001: CWXTCOBCase2.CWXTCOB_RPTFILE_WRITE_02.00015: RPTFILE assertion" name="00012: Check for EMP_DTL_HIRE_YY"/>
    <testcase classname="EdsPipeline.CWXTCOB_Scenario.00001: CWXTCOBCase2.CWXTCOB_RPTFILE_WRITE_02.00015: RPTFILE assertion" name="00013: Check for FILLER4"/>
    <testcase classname="EdsPipeline.CWXTCOB_Scenario.00001: CWXTCOBCase2.CWXTCOB_RPTFILE_WRITE_02.00015: RPTFILE assertion" name="00014: Check for EMP_DTL_YRS_OF_SERVICE"/>
    <testcase classname="EdsPipeline.CWXTCOB_Scenario.00001: CWXTCOBCase2.CWXTCOB_RPTFILE_WRITE_02.00015: RPTFILE assertion" name="00015: Check for FILLER5"/>
    <testcase classname="EdsPipeline.CWXTCOB_Scenario.00001: CWXTCOBCase2.CWXTCOB_RPTFILE_WRITE_02.00015: RPTFILE assertion" name="00016: Check for EMP_DTL_WAGES"/>
    <testcase classname="EdsPipeline.CWXTCOB_Scenario.00001: CWXTCOBCase2.CWXTCOB_RPTFILE_WRITE_02.00015: RPTFILE assertion" name="00017: Check for FILLER6"/>
    <testcase classname="EdsPipeline.CWXTCOB_Scenario.00001: CWXTCOBCase2.CWXTCOB_RPTFILE_WRITE_02.00015: RPTFILE assertion" name="00018: Check for EMP_DTL_OT"/>
    <testcase classname="EdsPipeline.CWXTCOB_Scenario.00001: CWXTCOBCase2.CWXTCOB_RPTFILE_WRITE_02.00015: RPTFILE assertion" name="00019: Check for FILLER7"/>
    <testcase classname="EdsPipeline.CWXTCOB_Scenario.00001: CWXTCOBCase2.CWXTCOB_RPTFILE_WRITE_02.00015: RPTFILE assertion" name="00020: Check for EMP_DTL_COMM"/>
    <testcase classname="EdsPipeline.CWXTCOB_Scenario.00001: CWXTCOBCase2.CWXTCOB_RPTFILE_WRITE_02.00015: RPTFILE assertion" name="00021: Check for FILLER8"/>
    <testcase classname="EdsPipeline.CWXTCOB_Scenario.00001: CWXTCOBCase2.CWXTCOB_RPTFILE_WRITE_02.00015: RPTFILE assertion" name="00022: Check for EMP_DTL_TOTAL"/>
  </testsuite>
  <testsuite errors="0" failures="0" name="EdsPipeline.CWXTCOB_Scenario.00001: CWXTCOBCase2.CWXTCOB_RPTFILE_WRITE_02.00016: RPTFILE assertion" tests="195">
    <testcase classname="EdsPipeline.CWXTCOB_Scenario.00001: CWXTCOBCase2.CWXTCOB_RPTFILE_WRITE_02.00016: RPTFILE assertion" name="00001: Check for FILLER0"/>
    <testcase classname="EdsPipeline.CWXTCOB_Scenario.00001: CWXTCOBCase2.CWXTCOB_RPTFILE_WRITE_02.00016: RPTFILE assertion" name="00002: Check for EMP_DTL_NAME"/>
    <testcase classname="EdsPipeline.CWXTCOB_Scenario.00001: CWXTCOBCase2.CWXTCOB_RPTFILE_WRITE_02.00016: RPTFILE assertion" name="00003: Check for FILLER1"/>
    <testcase classname="EdsPipeline.CWXTCOB_Scenario.00001: CWXTCOBCase2.CWXTCOB_RPTFILE_WRITE_02.00016: RPTFILE assertion" name="00004: Check for EMP_DTL_REGION"/>
    <testcase classname="EdsPipeline.CWXTCOB_Scenario.00001: CWXTCOBCase2.CWXTCOB_RPTFILE_WRITE_02.00016: RPTFILE assertion" name="00005: Check for FILLER2"/>
    <testcase classname="EdsPipeline.CWXTCOB_Scenario.00001: CWXTCOBCase2.CWXTCOB_RPTFILE_WRITE_02.00016: RPTFILE assertion" name="00006: Check for EMP_DTL_TYPE"/>
    <testcase classname="EdsPipeline.CWXTCOB_Scenario.00001: CWXTCOBCase2.CWXTCOB_RPTFILE_WRITE_02.00016: RPTFILE assertion" name="00007: Check for FILLER3"/>
    <testcase classname="EdsPipeline.CWXTCOB_Scenario.00001: CWXTCOBCase2.CWXTCOB_RPTFILE_WRITE_02.00016: RPTFILE assertion" name="00008: Check for EMP_DTL_HIRE_MM"/>
    <testcase classname="EdsPipeline.CWXTCOB_Scenario.00001: CWXTCOBCase2.CWXTCOB_RPTFILE_WRITE_02.00016: RPTFILE assertion" name="00009: Check for EMP_DTL_SLASH1"/>
    <testcase classname="EdsPipeline.CWXTCOB_Scenario.00001: CWXTCOBCase2.CWXTCOB_RPTFILE_WRITE_02.00016: RPTFILE assertion" name="00010: Check for EMP_DTL_HIRE_DD"/>
    <testcase classname="EdsPipeline.CWXTCOB_Scenario.00001: CWXTCOBCase2.CWXTCOB_RPTFILE_WRITE_02.00016: RPTFILE assertion" name="00011: Check for EMP_DTL_SLASH2"/>
    <testcase classname="EdsPipeline.CWXTCOB_Scenario.00001: CWXTCOBCase2.CWXTCOB_RPTFILE_WRITE_02.00016: RPTFILE assertion" name="00012: Check for EMP_DTL_HIRE_YY"/>
    <testcase classname="EdsPipeline.CWXTCOB_Scenario.00001: CWXTCOBCase2.CWXTCOB_RPTFILE_WRITE_02.00016: RPTFILE assertion" name="00013: Check for FILLER4"/>
    <testcase classname="EdsPipeline.CWXTCOB_Scenario.00001: CWXTCOBCase2.CWXTCOB_RPTFILE_WRITE_02.00016: RPTFILE assertion" name="00014: Check for EMP_DTL_YRS_OF_SERVICE"/>
    <testcase classname="EdsPipeline.CWXTCOB_Scenario.00001: CWXTCOBCase2.CWXTCOB_RPTFILE_WRITE_02.00016: RPTFILE assertion" name="00015: Check for FILLER5"/>
    <testcase classname="EdsPipeline.CWXTCOB_Scenario.00001: CWXTCOBCase2.CWXTCOB_RPTFILE_WRITE_02.00016: RPTFILE assertion" name="00016: Check for EMP_DTL_WAGES"/>
    <testcase classname="EdsPipeline.CWXTCOB_Scenario.00001: CWXTCOBCase2.CWXTCOB_RPTFILE_WRITE_02.00016: RPTFILE assertion" name="00017: Check for FILLER6"/>
    <testcase classname="EdsPipeline.CWXTCOB_Scenario.00001: CWXTCOBCase2.CWXTCOB_RPTFILE_WRITE_02.00016: RPTFILE assertion" name="00018: Check for EMP_DTL_OT"/>
    <testcase classname="EdsPipeline.CWXTCOB_Scenario.00001: CWXTCOBCase2.CWXTCOB_RPTFILE_WRITE_02.00016: RPTFILE assertion" name="00019: Check for FILLER7"/>
    <testcase classname="EdsPipeline.CWXTCOB_Scenario.00001: CWXTCOBCase2.CWXTCOB_RPTFILE_WRITE_02.00016: RPTFILE assertion" name="00020: Check for EMP_DTL_COMM"/>
    <testcase classname="EdsPipeline.CWXTCOB_Scenario.00001: CWXTCOBCase2.CWXTCOB_RPTFILE_WRITE_02.00016: RPTFILE assertion" name="00021: Check for FILLER8"/>
    <testcase classname="EdsPipeline.CWXTCOB_Scenario.00001: CWXTCOBCase2.CWXTCOB_RPTFILE_WRITE_02.00016: RPTFILE assertion" name="00022: Check for EMP_DTL_TOTAL"/>
  </testsuite>
  <testsuite errors="0" failures="0" name="EdsPipeline.CWXTCOB_Scenario.00001: CWXTCOBCase2.CWXTCOB_RPTFILE_WRITE_02.00017: RPTFILE assertion" tests="217">
    <testcase classname="EdsPipeline.CWXTCOB_Scenario.00001: CWXTCOBCase2.CWXTCOB_RPTFILE_WRITE_02.00017: RPTFILE assertion" name="00001: Check for FILLER0"/>
    <testcase classname="EdsPipeline.CWXTCOB_Scenario.00001: CWXTCOBCase2.CWXTCOB_RPTFILE_WRITE_02.00017: RPTFILE assertion" name="00002: Check for EMP_DTL_NAME"/>
    <testcase classname="EdsPipeline.CWXTCOB_Scenario.00001: CWXTCOBCase2.CWXTCOB_RPTFILE_WRITE_02.00017: RPTFILE assertion" name="00003: Check for FILLER1"/>
    <testcase classname="EdsPipeline.CWXTCOB_Scenario.00001: CWXTCOBCase2.CWXTCOB_RPTFILE_WRITE_02.00017: RPTFILE assertion" name="00004: Check for EMP_DTL_REGION"/>
    <testcase classname="EdsPipeline.CWXTCOB_Scenario.00001: CWXTCOBCase2.CWXTCOB_RPTFILE_WRITE_02.00017: RPTFILE assertion" name="00005: Check for FILLER2"/>
    <testcase classname="EdsPipeline.CWXTCOB_Scenario.00001: CWXTCOBCase2.CWXTCOB_RPTFILE_WRITE_02.00017: RPTFILE assertion" name="00006: Check for EMP_DTL_TYPE"/>
    <testcase classname="EdsPipeline.CWXTCOB_Scenario.00001: CWXTCOBCase2.CWXTCOB_RPTFILE_WRITE_02.00017: RPTFILE assertion" name="00007: Check for FILLER3"/>
    <testcase classname="EdsPipeline.CWXTCOB_Scenario.00001: CWXTCOBCase2.CWXTCOB_RPTFILE_WRITE_02.00017: RPTFILE assertion" name="00008: Check for EMP_DTL_HIRE_MM"/>
    <testcase classname="EdsPipeline.CWXTCOB_Scenario.00001: CWXTCOBCase2.CWXTCOB_RPTFILE_WRITE_02.00017: RPTFILE assertion" name="00009: Check for EMP_DTL_SLASH1"/>
    <testcase classname="EdsPipeline.CWXTCOB_Scenario.00001: CWXTCOBCase2.CWXTCOB_RPTFILE_WRITE_02.00017: RPTFILE assertion" name="00010: Check for EMP_DTL_HIRE_DD"/>
    <testcase classname="EdsPipeline.CWXTCOB_Scenario.00001: CWXTCOBCase2.CWXTCOB_RPTFILE_WRITE_02.00017: RPTFILE assertion" name="00011: Check for EMP_DTL_SLASH2"/>
    <testcase classname="EdsPipeline.CWXTCOB_Scenario.00001: CWXTCOBCase2.CWXTCOB_RPTFILE_WRITE_02.00017: RPTFILE assertion" name="00012: Check for EMP_DTL_HIRE_YY"/>
    <testcase classname="EdsPipeline.CWXTCOB_Scenario.00001: CWXTCOBCase2.CWXTCOB_RPTFILE_WRITE_02.00017: RPTFILE assertion" name="00013: Check for FILLER4"/>
    <testcase classname="EdsPipeline.CWXTCOB_Scenario.00001: CWXTCOBCase2.CWXTCOB_RPTFILE_WRITE_02.00017: RPTFILE assertion" name="00014: Check for EMP_DTL_YRS_OF_SERVICE"/>
    <testcase classname="EdsPipeline.CWXTCOB_Scenario.00001: CWXTCOBCase2.CWXTCOB_RPTFILE_WRITE_02.00017: RPTFILE assertion" name="00015: Check for FILLER5"/>
    <testcase classname="EdsPipeline.CWXTCOB_Scenario.00001: CWXTCOBCase2.CWXTCOB_RPTFILE_WRITE_02.00017: RPTFILE assertion" name="00016: Check for EMP_DTL_WAGES"/>
    <testcase classname="EdsPipeline.CWXTCOB_Scenario.00001: CWXTCOBCase2.CWXTCOB_RPTFILE_WRITE_02.00017: RPTFILE assertion" name="00017: Check for FILLER6"/>
    <testcase classname="EdsPipeline.CWXTCOB_Scenario.00001: CWXTCOBCase2.CWXTCOB_RPTFILE_WRITE_02.00017: RPTFILE assertion" name="00018: Check for EMP_DTL_OT"/>
    <testcase classname="EdsPipeline.CWXTCOB_Scenario.00001: CWXTCOBCase2.CWXTCOB_RPTFILE_WRITE_02.00017: RPTFILE assertion" name="00019: Check for FILLER7"/>
    <testcase classname="EdsPipeline.CWXTCOB_Scenario.00001: CWXTCOBCase2.CWXTCOB_RPTFILE_WRITE_02.00017: RPTFILE assertion" name="00020: Check for EMP_DTL_COMM"/>
    <testcase classname="EdsPipeline.CWXTCOB_Scenario.00001: CWXTCOBCase2.CWXTCOB_RPTFILE_WRITE_02.00017: RPTFILE assertion" name="00021: Check for FILLER8"/>
    <testcase classname="EdsPipeline.CWXTCOB_Scenario.00001: CWXTCOBCase2.CWXTCOB_RPTFILE_WRITE_02.00017: RPTFILE assertion" name="00022: Check for EMP_DTL_TOTAL"/>
  </testsuite>
  <testsuite errors="0" failures="0" name="EdsPipeline.CWXTCOB_Scenario.00001: CWXTCOBCase2.CWXTCOB_RPTFILE_WRITE_02.00018: RPTFILE assertion" tests="239">
    <testcase classname="EdsPipeline.CWXTCOB_Scenario.00001: CWXTCOBCase2.CWXTCOB_RPTFILE_WRITE_02.00018: RPTFILE assertion" name="00001: Check for FILLER0"/>
    <testcase classname="EdsPipeline.CWXTCOB_Scenario.00001: CWXTCOBCase2.CWXTCOB_RPTFILE_WRITE_02.00018: RPTFILE assertion" name="00002: Check for EMP_DTL_NAME"/>
    <testcase classname="EdsPipeline.CWXTCOB_Scenario.00001: CWXTCOBCase2.CWXTCOB_RPTFILE_WRITE_02.00018: RPTFILE assertion" name="00003: Check for FILLER1"/>
    <testcase classname="EdsPipeline.CWXTCOB_Scenario.00001: CWXTCOBCase2.CWXTCOB_RPTFILE_WRITE_02.00018: RPTFILE assertion" name="00004: Check for EMP_DTL_REGION"/>
    <testcase classname="EdsPipeline.CWXTCOB_Scenario.00001: CWXTCOBCase2.CWXTCOB_RPTFILE_WRITE_02.00018: RPTFILE assertion" name="00005: Check for FILLER2"/>
    <testcase classname="EdsPipeline.CWXTCOB_Scenario.00001: CWXTCOBCase2.CWXTCOB_RPTFILE_WRITE_02.00018: RPTFILE assertion" name="00006: Check for EMP_DTL_TYPE"/>
    <testcase classname="EdsPipeline.CWXTCOB_Scenario.00001: CWXTCOBCase2.CWXTCOB_RPTFILE_WRITE_02.00018: RPTFILE assertion" name="00007: Check for FILLER3"/>
    <testcase classname="EdsPipeline.CWXTCOB_Scenario.00001: CWXTCOBCase2.CWXTCOB_RPTFILE_WRITE_02.00018: RPTFILE assertion" name="00008: Check for EMP_DTL_HIRE_MM"/>
    <testcase classname="EdsPipeline.CWXTCOB_Scenario.00001: CWXTCOBCase2.CWXTCOB_RPTFILE_WRITE_02.00018: RPTFILE assertion" name="00009: Check for EMP_DTL_SLASH1"/>
    <testcase classname="EdsPipeline.CWXTCOB_Scenario.00001: CWXTCOBCase2.CWXTCOB_RPTFILE_WRITE_02.00018: RPTFILE assertion" name="00010: Check for EMP_DTL_HIRE_DD"/>
    <testcase classname="EdsPipeline.CWXTCOB_Scenario.00001: CWXTCOBCase2.CWXTCOB_RPTFILE_WRITE_02.00018: RPTFILE assertion" name="00011: Check for EMP_DTL_SLASH2"/>
    <testcase classname="EdsPipeline.CWXTCOB_Scenario.00001: CWXTCOBCase2.CWXTCOB_RPTFILE_WRITE_02.00018: RPTFILE assertion" name="00012: Check for EMP_DTL_HIRE_YY"/>
    <testcase classname="EdsPipeline.CWXTCOB_Scenario.00001: CWXTCOBCase2.CWXTCOB_RPTFILE_WRITE_02.00018: RPTFILE assertion" name="00013: Check for FILLER4"/>
    <testcase classname="EdsPipeline.CWXTCOB_Scenario.00001: CWXTCOBCase2.CWXTCOB_RPTFILE_WRITE_02.00018: RPTFILE assertion" name="00014: Check for EMP_DTL_YRS_OF_SERVICE"/>
    <testcase classname="EdsPipeline.CWXTCOB_Scenario.00001: CWXTCOBCase2.CWXTCOB_RPTFILE_WRITE_02.00018: RPTFILE assertion" name="00015: Check for FILLER5"/>
    <testcase classname="EdsPipeline.CWXTCOB_Scenario.00001: CWXTCOBCase2.CWXTCOB_RPTFILE_WRITE_02.00018: RPTFILE assertion" name="00016: Check for EMP_DTL_WAGES"/>
    <testcase classname="EdsPipeline.CWXTCOB_Scenario.00001: CWXTCOBCase2.CWXTCOB_RPTFILE_WRITE_02.00018: RPTFILE assertion" name="00017: Check for FILLER6"/>
    <testcase classname="EdsPipeline.CWXTCOB_Scenario.00001: CWXTCOBCase2.CWXTCOB_RPTFILE_WRITE_02.00018: RPTFILE assertion" name="00018: Check for EMP_DTL_OT"/>
    <testcase classname="EdsPipeline.CWXTCOB_Scenario.00001: CWXTCOBCase2.CWXTCOB_RPTFILE_WRITE_02.00018: RPTFILE assertion" name="00019: Check for FILLER7"/>
    <testcase classname="EdsPipeline.CWXTCOB_Scenario.00001: CWXTCOBCase2.CWXTCOB_RPTFILE_WRITE_02.00018: RPTFILE assertion" name="00020: Check for EMP_DTL_COMM"/>
    <testcase classname="EdsPipeline.CWXTCOB_Scenario.00001: CWXTCOBCase2.CWXTCOB_RPTFILE_WRITE_02.00018: RPTFILE assertion" name="00021: Check for FILLER8"/>
    <testcase classname="EdsPipeline.CWXTCOB_Scenario.00001: CWXTCOBCase2.CWXTCOB_RPTFILE_WRITE_02.00018: RPTFILE assertion" name="00022: Check for EMP_DTL_TOTAL"/>
  </testsuite>
  <testsuite errors="0" failures="0" name="EdsPipeline.CWXTCOB_Scenario.00001: CWXTCOBCase2.CWXTCOB_RPTFILE_WRITE_02.00019: RPTFILE assertion" tests="261">
    <testcase classname="EdsPipeline.CWXTCOB_Scenario.00001: CWXTCOBCase2.CWXTCOB_RPTFILE_WRITE_02.00019: RPTFILE assertion" name="00001: Check for FILLER0"/>
    <testcase classname="EdsPipeline.CWXTCOB_Scenario.00001: CWXTCOBCase2.CWXTCOB_RPTFILE_WRITE_02.00019: RPTFILE assertion" name="00002: Check for EMP_DTL_NAME"/>
    <testcase classname="EdsPipeline.CWXTCOB_Scenario.00001: CWXTCOBCase2.CWXTCOB_RPTFILE_WRITE_02.00019: RPTFILE assertion" name="00003: Check for FILLER1"/>
    <testcase classname="EdsPipeline.CWXTCOB_Scenario.00001: CWXTCOBCase2.CWXTCOB_RPTFILE_WRITE_02.00019: RPTFILE assertion" name="00004: Check for EMP_DTL_REGION"/>
    <testcase classname="EdsPipeline.CWXTCOB_Scenario.00001: CWXTCOBCase2.CWXTCOB_RPTFILE_WRITE_02.00019: RPTFILE assertion" name="00005: Check for FILLER2"/>
    <testcase classname="EdsPipeline.CWXTCOB_Scenario.00001: CWXTCOBCase2.CWXTCOB_RPTFILE_WRITE_02.00019: RPTFILE assertion" name="00006: Check for EMP_DTL_TYPE"/>
    <testcase classname="EdsPipeline.CWXTCOB_Scenario.00001: CWXTCOBCase2.CWXTCOB_RPTFILE_WRITE_02.00019: RPTFILE assertion" name="00007: Check for FILLER3"/>
    <testcase classname="EdsPipeline.CWXTCOB_Scenario.00001: CWXTCOBCase2.CWXTCOB_RPTFILE_WRITE_02.00019: RPTFILE assertion" name="00008: Check for EMP_DTL_HIRE_MM"/>
    <testcase classname="EdsPipeline.CWXTCOB_Scenario.00001: CWXTCOBCase2.CWXTCOB_RPTFILE_WRITE_02.00019: RPTFILE assertion" name="00009: Check for EMP_DTL_SLASH1"/>
    <testcase classname="EdsPipeline.CWXTCOB_Scenario.00001: CWXTCOBCase2.CWXTCOB_RPTFILE_WRITE_02.00019: RPTFILE assertion" name="00010: Check for EMP_DTL_HIRE_DD"/>
    <testcase classname="EdsPipeline.CWXTCOB_Scenario.00001: CWXTCOBCase2.CWXTCOB_RPTFILE_WRITE_02.00019: RPTFILE assertion" name="00011: Check for EMP_DTL_SLASH2"/>
    <testcase classname="EdsPipeline.CWXTCOB_Scenario.00001: CWXTCOBCase2.CWXTCOB_RPTFILE_WRITE_02.00019: RPTFILE assertion" name="00012: Check for EMP_DTL_HIRE_YY"/>
    <testcase classname="EdsPipeline.CWXTCOB_Scenario.00001: CWXTCOBCase2.CWXTCOB_RPTFILE_WRITE_02.00019: RPTFILE assertion" name="00013: Check for FILLER4"/>
    <testcase classname="EdsPipeline.CWXTCOB_Scenario.00001: CWXTCOBCase2.CWXTCOB_RPTFILE_WRITE_02.00019: RPTFILE assertion" name="00014: Check for EMP_DTL_YRS_OF_SERVICE"/>
    <testcase classname="EdsPipeline.CWXTCOB_Scenario.00001: CWXTCOBCase2.CWXTCOB_RPTFILE_WRITE_02.00019: RPTFILE assertion" name="00015: Check for FILLER5"/>
    <testcase classname="EdsPipeline.CWXTCOB_Scenario.00001: CWXTCOBCase2.CWXTCOB_RPTFILE_WRITE_02.00019: RPTFILE assertion" name="00016: Check for EMP_DTL_WAGES"/>
    <testcase classname="EdsPipeline.CWXTCOB_Scenario.00001: CWXTCOBCase2.CWXTCOB_RPTFILE_WRITE_02.00019: RPTFILE assertion" name="00017: Check for FILLER6"/>
    <testcase classname="EdsPipeline.CWXTCOB_Scenario.00001: CWXTCOBCase2.CWXTCOB_RPTFILE_WRITE_02.00019: RPTFILE assertion" name="00018: Check for EMP_DTL_OT"/>
    <testcase classname="EdsPipeline.CWXTCOB_Scenario.00001: CWXTCOBCase2.CWXTCOB_RPTFILE_WRITE_02.00019: RPTFILE assertion" name="00019: Check for FILLER7"/>
    <testcase classname="EdsPipeline.CWXTCOB_Scenario.00001: CWXTCOBCase2.CWXTCOB_RPTFILE_WRITE_02.00019: RPTFILE assertion" name="00020: Check for EMP_DTL_COMM"/>
    <testcase classname="EdsPipeline.CWXTCOB_Scenario.00001: CWXTCOBCase2.CWXTCOB_RPTFILE_WRITE_02.00019: RPTFILE assertion" name="00021: Check for FILLER8"/>
    <testcase classname="EdsPipeline.CWXTCOB_Scenario.00001: CWXTCOBCase2.CWXTCOB_RPTFILE_WRITE_02.00019: RPTFILE assertion" name="00022: Check for EMP_DTL_TOTAL"/>
  </testsuite>
  <testsuite errors="0" failures="0" name="EdsPipeline.CWXTCOB_Scenario.00001: CWXTCOBCase2.CWXTCOB_RPTFILE_WRITE_02.00020: RPTFILE assertion" tests="283">
    <testcase classname="EdsPipeline.CWXTCOB_Scenario.00001: CWXTCOBCase2.CWXTCOB_RPTFILE_WRITE_02.00020: RPTFILE assertion" name="00001: Check for FILLER0"/>
    <testcase classname="EdsPipeline.CWXTCOB_Scenario.00001: CWXTCOBCase2.CWXTCOB_RPTFILE_WRITE_02.00020: RPTFILE assertion" name="00002: Check for EMP_DTL_NAME"/>
    <testcase classname="EdsPipeline.CWXTCOB_Scenario.00001: CWXTCOBCase2.CWXTCOB_RPTFILE_WRITE_02.00020: RPTFILE assertion" name="00003: Check for FILLER1"/>
    <testcase classname="EdsPipeline.CWXTCOB_Scenario.00001: CWXTCOBCase2.CWXTCOB_RPTFILE_WRITE_02.00020: RPTFILE assertion" name="00004: Check for EMP_DTL_REGION"/>
    <testcase classname="EdsPipeline.CWXTCOB_Scenario.00001: CWXTCOBCase2.CWXTCOB_RPTFILE_WRITE_02.00020: RPTFILE assertion" name="00005: Check for FILLER2"/>
    <testcase classname="EdsPipeline.CWXTCOB_Scenario.00001: CWXTCOBCase2.CWXTCOB_RPTFILE_WRITE_02.00020: RPTFILE assertion" name="00006: Check for EMP_DTL_TYPE"/>
    <testcase classname="EdsPipeline.CWXTCOB_Scenario.00001: CWXTCOBCase2.CWXTCOB_RPTFILE_WRITE_02.00020: RPTFILE assertion" name="00007: Check for FILLER3"/>
    <testcase classname="EdsPipeline.CWXTCOB_Scenario.00001: CWXTCOBCase2.CWXTCOB_RPTFILE_WRITE_02.00020: RPTFILE assertion" name="00008: Check for EMP_DTL_HIRE_MM"/>
    <testcase classname="EdsPipeline.CWXTCOB_Scenario.00001: CWXTCOBCase2.CWXTCOB_RPTFILE_WRITE_02.00020: RPTFILE assertion" name="00009: Check for EMP_DTL_SLASH1"/>
    <testcase classname="EdsPipeline.CWXTCOB_Scenario.00001: CWXTCOBCase2.CWXTCOB_RPTFILE_WRITE_02.00020: RPTFILE assertion" name="00010: Check for EMP_DTL_HIRE_DD"/>
    <testcase classname="EdsPipeline.CWXTCOB_Scenario.00001: CWXTCOBCase2.CWXTCOB_RPTFILE_WRITE_02.00020: RPTFILE assertion" name="00011: Check for EMP_DTL_SLASH2"/>
    <testcase classname="EdsPipeline.CWXTCOB_Scenario.00001: CWXTCOBCase2.CWXTCOB_RPTFILE_WRITE_02.00020: RPTFILE assertion" name="00012: Check for EMP_DTL_HIRE_YY"/>
    <testcase classname="EdsPipeline.CWXTCOB_Scenario.00001: CWXTCOBCase2.CWXTCOB_RPTFILE_WRITE_02.00020: RPTFILE assertion" name="00013: Check for FILLER4"/>
    <testcase classname="EdsPipeline.CWXTCOB_Scenario.00001: CWXTCOBCase2.CWXTCOB_RPTFILE_WRITE_02.00020: RPTFILE assertion" name="00014: Check for EMP_DTL_YRS_OF_SERVICE"/>
    <testcase classname="EdsPipeline.CWXTCOB_Scenario.00001: CWXTCOBCase2.CWXTCOB_RPTFILE_WRITE_02.00020: RPTFILE assertion" name="00015: Check for FILLER5"/>
    <testcase classname="EdsPipeline.CWXTCOB_Scenario.00001: CWXTCOBCase2.CWXTCOB_RPTFILE_WRITE_02.00020: RPTFILE assertion" name="00016: Check for EMP_DTL_WAGES"/>
    <testcase classname="EdsPipeline.CWXTCOB_Scenario.00001: CWXTCOBCase2.CWXTCOB_RPTFILE_WRITE_02.00020: RPTFILE assertion" name="00017: Check for FILLER6"/>
    <testcase classname="EdsPipeline.CWXTCOB_Scenario.00001: CWXTCOBCase2.CWXTCOB_RPTFILE_WRITE_02.00020: RPTFILE assertion" name="00018: Check for EMP_DTL_OT"/>
    <testcase classname="EdsPipeline.CWXTCOB_Scenario.00001: CWXTCOBCase2.CWXTCOB_RPTFILE_WRITE_02.00020: RPTFILE assertion" name="00019: Check for FILLER7"/>
    <testcase classname="EdsPipeline.CWXTCOB_Scenario.00001: CWXTCOBCase2.CWXTCOB_RPTFILE_WRITE_02.00020: RPTFILE assertion" name="00020: Check for EMP_DTL_COMM"/>
    <testcase classname="EdsPipeline.CWXTCOB_Scenario.00001: CWXTCOBCase2.CWXTCOB_RPTFILE_WRITE_02.00020: RPTFILE assertion" name="00021: Check for FILLER8"/>
    <testcase classname="EdsPipeline.CWXTCOB_Scenario.00001: CWXTCOBCase2.CWXTCOB_RPTFILE_WRITE_02.00020: RPTFILE assertion" name="00022: Check for EMP_DTL_TOTAL"/>
  </testsuite>
  <testsuite errors="0" failures="0" name="EdsPipeline.CWXTCOB_Scenario.00001: CWXTCOBCase2.CWXTCOB_RPTFILE_WRITE_02.00021: RPTFILE assertion" tests="305">
    <testcase classname="EdsPipeline.CWXTCOB_Scenario.00001: CWXTCOBCase2.CWXTCOB_RPTFILE_WRITE_02.00021: RPTFILE assertion" name="00001: Check for FILLER0"/>
    <testcase classname="EdsPipeline.CWXTCOB_Scenario.00001: CWXTCOBCase2.CWXTCOB_RPTFILE_WRITE_02.00021: RPTFILE assertion" name="00002: Check for EMP_DTL_NAME"/>
    <testcase classname="EdsPipeline.CWXTCOB_Scenario.00001: CWXTCOBCase2.CWXTCOB_RPTFILE_WRITE_02.00021: RPTFILE assertion" name="00003: Check for FILLER1"/>
    <testcase classname="EdsPipeline.CWXTCOB_Scenario.00001: CWXTCOBCase2.CWXTCOB_RPTFILE_WRITE_02.00021: RPTFILE assertion" name="00004: Check for EMP_DTL_REGION"/>
    <testcase classname="EdsPipeline.CWXTCOB_Scenario.00001: CWXTCOBCase2.CWXTCOB_RPTFILE_WRITE_02.00021: RPTFILE assertion" name="00005: Check for FILLER2"/>
    <testcase classname="EdsPipeline.CWXTCOB_Scenario.00001: CWXTCOBCase2.CWXTCOB_RPTFILE_WRITE_02.00021: RPTFILE assertion" name="00006: Check for EMP_DTL_TYPE"/>
    <testcase classname="EdsPipeline.CWXTCOB_Scenario.00001: CWXTCOBCase2.CWXTCOB_RPTFILE_WRITE_02.00021: RPTFILE assertion" name="00007: Check for FILLER3"/>
    <testcase classname="EdsPipeline.CWXTCOB_Scenario.00001: CWXTCOBCase2.CWXTCOB_RPTFILE_WRITE_02.00021: RPTFILE assertion" name="00008: Check for EMP_DTL_HIRE_MM"/>
    <testcase classname="EdsPipeline.CWXTCOB_Scenario.00001: CWXTCOBCase2.CWXTCOB_RPTFILE_WRITE_02.00021: RPTFILE assertion" name="00009: Check for EMP_DTL_SLASH1"/>
    <testcase classname="EdsPipeline.CWXTCOB_Scenario.00001: CWXTCOBCase2.CWXTCOB_RPTFILE_WRITE_02.00021: RPTFILE assertion" name="00010: Check for EMP_DTL_HIRE_DD"/>
    <testcase classname="EdsPipeline.CWXTCOB_Scenario.00001: CWXTCOBCase2.CWXTCOB_RPTFILE_WRITE_02.00021: RPTFILE assertion" name="00011: Check for EMP_DTL_SLASH2"/>
    <testcase classname="EdsPipeline.CWXTCOB_Scenario.00001: CWXTCOBCase2.CWXTCOB_RPTFILE_WRITE_02.00021: RPTFILE assertion" name="00012: Check for EMP_DTL_HIRE_YY"/>
    <testcase classname="EdsPipeline.CWXTCOB_Scenario.00001: CWXTCOBCase2.CWXTCOB_RPTFILE_WRITE_02.00021: RPTFILE assertion" name="00013: Check for FILLER4"/>
    <testcase classname="EdsPipeline.CWXTCOB_Scenario.00001: CWXTCOBCase2.CWXTCOB_RPTFILE_WRITE_02.00021: RPTFILE assertion" name="00014: Check for EMP_DTL_YRS_OF_SERVICE"/>
    <testcase classname="EdsPipeline.CWXTCOB_Scenario.00001: CWXTCOBCase2.CWXTCOB_RPTFILE_WRITE_02.00021: RPTFILE assertion" name="00015: Check for FILLER5"/>
    <testcase classname="EdsPipeline.CWXTCOB_Scenario.00001: CWXTCOBCase2.CWXTCOB_RPTFILE_WRITE_02.00021: RPTFILE assertion" name="00016: Check for EMP_DTL_WAGES"/>
    <testcase classname="EdsPipeline.CWXTCOB_Scenario.00001: CWXTCOBCase2.CWXTCOB_RPTFILE_WRITE_02.00021: RPTFILE assertion" name="00017: Check for FILLER6"/>
    <testcase classname="EdsPipeline.CWXTCOB_Scenario.00001: CWXTCOBCase2.CWXTCOB_RPTFILE_WRITE_02.00021: RPTFILE assertion" name="00018: Check for EMP_DTL_OT"/>
    <testcase classname="EdsPipeline.CWXTCOB_Scenario.00001: CWXTCOBCase2.CWXTCOB_RPTFILE_WRITE_02.00021: RPTFILE assertion" name="00019: Check for FILLER7"/>
    <testcase classname="EdsPipeline.CWXTCOB_Scenario.00001: CWXTCOBCase2.CWXTCOB_RPTFILE_WRITE_02.00021: RPTFILE assertion" name="00020: Check for EMP_DTL_COMM"/>
    <testcase classname="EdsPipeline.CWXTCOB_Scenario.00001: CWXTCOBCase2.CWXTCOB_RPTFILE_WRITE_02.00021: RPTFILE assertion" name="00021: Check for FILLER8"/>
    <testcase classname="EdsPipeline.CWXTCOB_Scenario.00001: CWXTCOBCase2.CWXTCOB_RPTFILE_WRITE_02.00021: RPTFILE assertion" name="00022: Check for EMP_DTL_TOTAL"/>
  </testsuite>
  <testsuite errors="0" failures="0" name="EdsPipeline.CWXTCOB_Scenario.00001: CWXTCOBCase2.CWXTCOB_RPTFILE_WRITE_02.00022: RPTFILE assertion" tests="327">
    <testcase classname="EdsPipeline.CWXTCOB_Scenario.00001: CWXTCOBCase2.CWXTCOB_RPTFILE_WRITE_02.00022: RPTFILE assertion" name="00001: Check for FILLER0"/>
    <testcase classname="EdsPipeline.CWXTCOB_Scenario.00001: CWXTCOBCase2.CWXTCOB_RPTFILE_WRITE_02.00022: RPTFILE assertion" name="00002: Check for EMP_DTL_NAME"/>
    <testcase classname="EdsPipeline.CWXTCOB_Scenario.00001: CWXTCOBCase2.CWXTCOB_RPTFILE_WRITE_02.00022: RPTFILE assertion" name="00003: Check for FILLER1"/>
    <testcase classname="EdsPipeline.CWXTCOB_Scenario.00001: CWXTCOBCase2.CWXTCOB_RPTFILE_WRITE_02.00022: RPTFILE assertion" name="00004: Check for EMP_DTL_REGION"/>
    <testcase classname="EdsPipeline.CWXTCOB_Scenario.00001: CWXTCOBCase2.CWXTCOB_RPTFILE_WRITE_02.00022: RPTFILE assertion" name="00005: Check for FILLER2"/>
    <testcase classname="EdsPipeline.CWXTCOB_Scenario.00001: CWXTCOBCase2.CWXTCOB_RPTFILE_WRITE_02.00022: RPTFILE assertion" name="00006: Check for EMP_DTL_TYPE"/>
    <testcase classname="EdsPipeline.CWXTCOB_Scenario.00001: CWXTCOBCase2.CWXTCOB_RPTFILE_WRITE_02.00022: RPTFILE assertion" name="00007: Check for FILLER3"/>
    <testcase classname="EdsPipeline.CWXTCOB_Scenario.00001: CWXTCOBCase2.CWXTCOB_RPTFILE_WRITE_02.00022: RPTFILE assertion" name="00008: Check for EMP_DTL_HIRE_MM"/>
    <testcase classname="EdsPipeline.CWXTCOB_Scenario.00001: CWXTCOBCase2.CWXTCOB_RPTFILE_WRITE_02.00022: RPTFILE assertion" name="00009: Check for EMP_DTL_SLASH1"/>
    <testcase classname="EdsPipeline.CWXTCOB_Scenario.00001: CWXTCOBCase2.CWXTCOB_RPTFILE_WRITE_02.00022: RPTFILE assertion" name="00010: Check for EMP_DTL_HIRE_DD"/>
    <testcase classname="EdsPipeline.CWXTCOB_Scenario.00001: CWXTCOBCase2.CWXTCOB_RPTFILE_WRITE_02.00022: RPTFILE assertion" name="00011: Check for EMP_DTL_SLASH2"/>
    <testcase classname="EdsPipeline.CWXTCOB_Scenario.00001: CWXTCOBCase2.CWXTCOB_RPTFILE_WRITE_02.00022: RPTFILE assertion" name="00012: Check for EMP_DTL_HIRE_YY"/>
    <testcase classname="EdsPipeline.CWXTCOB_Scenario.00001: CWXTCOBCase2.CWXTCOB_RPTFILE_WRITE_02.00022: RPTFILE assertion" name="00013: Check for FILLER4"/>
    <testcase classname="EdsPipeline.CWXTCOB_Scenario.00001: CWXTCOBCase2.CWXTCOB_RPTFILE_WRITE_02.00022: RPTFILE assertion" name="00014: Check for EMP_DTL_YRS_OF_SERVICE"/>
    <testcase classname="EdsPipeline.CWXTCOB_Scenario.00001: CWXTCOBCase2.CWXTCOB_RPTFILE_WRITE_02.00022: RPTFILE assertion" name="00015: Check for FILLER5"/>
    <testcase classname="EdsPipeline.CWXTCOB_Scenario.00001: CWXTCOBCase2.CWXTCOB_RPTFILE_WRITE_02.00022: RPTFILE assertion" name="00016: Check for EMP_DTL_WAGES"/>
    <testcase classname="EdsPipeline.CWXTCOB_Scenario.00001: CWXTCOBCase2.CWXTCOB_RPTFILE_WRITE_02.00022: RPTFILE assertion" name="00017: Check for FILLER6"/>
    <testcase classname="EdsPipeline.CWXTCOB_Scenario.00001: CWXTCOBCase2.CWXTCOB_RPTFILE_WRITE_02.00022: RPTFILE assertion" name="00018: Check for EMP_DTL_OT"/>
    <testcase classname="EdsPipeline.CWXTCOB_Scenario.00001: CWXTCOBCase2.CWXTCOB_RPTFILE_WRITE_02.00022: RPTFILE assertion" name="00019: Check for FILLER7"/>
    <testcase classname="EdsPipeline.CWXTCOB_Scenario.00001: CWXTCOBCase2.CWXTCOB_RPTFILE_WRITE_02.00022: RPTFILE assertion" name="00020: Check for EMP_DTL_COMM"/>
    <testcase classname="EdsPipeline.CWXTCOB_Scenario.00001: CWXTCOBCase2.CWXTCOB_RPTFILE_WRITE_02.00022: RPTFILE assertion" name="00021: Check for FILLER8"/>
    <testcase classname="EdsPipeline.CWXTCOB_Scenario.00001: CWXTCOBCase2.CWXTCOB_RPTFILE_WRITE_02.00022: RPTFILE assertion" name="00022: Check for EMP_DTL_TOTAL"/>
  </testsuite>
  <testsuite errors="0" failures="0" name="EdsPipeline.CWXTCOB_Scenario.00001: CWXTCOBCase2.CWXTCOB_RPTFILE_WRITE_02.00023: RPTFILE assertion" tests="328">
    <testcase classname="EdsPipeline.CWXTCOB_Scenario.00001: CWXTCOBCase2.CWXTCOB_RPTFILE_WRITE_02.00023: RPTFILE assertion" name="00001: Check for BLANK_LINE"/>
  </testsuite>
  <testsuite errors="0" failures="0" name="EdsPipeline.CWXTCOB_Scenario.00001: CWXTCOBCase2.CWXTCOB_RPTFILE_WRITE_02.00024: RPTFILE assertion" tests="332">
    <testcase classname="EdsPipeline.CWXTCOB_Scenario.00001: CWXTCOBCase2.CWXTCOB_RPTFILE_WRITE_02.00024: RPTFILE assertion" name="00001: Check for FILLER0"/>
    <testcase classname="EdsPipeline.CWXTCOB_Scenario.00001: CWXTCOBCase2.CWXTCOB_RPTFILE_WRITE_02.00024: RPTFILE assertion" name="00002: Check for FILLER1"/>
    <testcase classname="EdsPipeline.CWXTCOB_Scenario.00001: CWXTCOBCase2.CWXTCOB_RPTFILE_WRITE_02.00024: RPTFILE assertion" name="00003: Check for FILLER2"/>
    <testcase classname="EdsPipeline.CWXTCOB_Scenario.00001: CWXTCOBCase2.CWXTCOB_RPTFILE_WRITE_02.00024: RPTFILE assertion" name="00004: Check for EMP_GRAND_TOTAL"/>
  </testsuite>
  <testsuite errors="0" failures="0" name="EdsPipeline.CWXTCOB_Scenario.00001: CWXTCOBCase2.CWXTCOB_RPTFILE_WRITE_02.00025: RPTFILE assertion" tests="333">
    <testcase classname="EdsPipeline.CWXTCOB_Scenario.00001: CWXTCOBCase2.CWXTCOB_RPTFILE_WRITE_02.00025: RPTFILE assertion" name="00001: Check for BLANK_LINE"/>
  </testsuite>
  <testsuite errors="0" failures="0" name="EdsPipeline.CWXTCOB_Scenario.00001: CWXTCOBCase2.CWXTCOB_RPTFILE_WRITE_02.00026: RPTFILE assertion" tests="334">
    <testcase classname="EdsPipeline.CWXTCOB_Scenario.00001: CWXTCOBCase2.CWXTCOB_RPTFILE_WRITE_02.00026: RPTFILE assertion" name="00001: Check for BLANK_LINE"/>
  </testsuite>
  <testsuite errors="0" failures="0" name="EdsPipeline.CWXTCOB_Scenario.00001: CWXTCOBCase2.CWXTCOB_RPTFILE_WRITE_02.00027: RPTFILE assertion" tests="335">
    <testcase classname="EdsPipeline.CWXTCOB_Scenario.00001: CWXTCOBCase2.CWXTCOB_RPTFILE_WRITE_02.00027: RPTFILE assertion" name="00001: Check for BLANK_LINE"/>
  </testsuite>
  <testsuite errors="0" failures="0" name="EdsPipeline.CWXTCOB_Scenario.00001: CWXTCOBCase2.CWXTCOB_RPTFILE_WRITE_02.00028: RPTFILE assertion" tests="336">
    <testcase classname="EdsPipeline.CWXTCOB_Scenario.00001: CWXTCOBCase2.CWXTCOB_RPTFILE_WRITE_02.00028: RPTFILE assertion" name="00001: Check for BLANK_LINE"/>
  </testsuite>
  <testsuite errors="0" failures="0" name="EdsPipeline.CWXTCOB_Scenario.00001: CWXTCOBCase2.CWXTCOB_RPTFILE_WRITE_02.00029: RPTFILE assertion" tests="337">
    <testcase classname="EdsPipeline.CWXTCOB_Scenario.00001: CWXTCOBCase2.CWXTCOB_RPTFILE_WRITE_02.00029: RPTFILE assertion" name="00001: Check for BLANK_LINE"/>
  </testsuite>
  <testsuite errors="0" failures="0" name="EdsPipeline.CWXTCOB_Scenario.00001: CWXTCOBCase2.CWXTCOB_RPTFILE_WRITE_02.00030: RPTFILE assertion" tests="349">
    <testcase classname="EdsPipeline.CWXTCOB_Scenario.00001: CWXTCOBCase2.CWXTCOB_RPTFILE_WRITE_02.00030: RPTFILE assertion" name="00001: Check for FILLER0"/>
    <testcase classname="EdsPipeline.CWXTCOB_Scenario.00001: CWXTCOBCase2.CWXTCOB_RPTFILE_WRITE_02.00030: RPTFILE assertion" name="00002: Check for FILLER1"/>
    <testcase classname="EdsPipeline.CWXTCOB_Scenario.00001: CWXTCOBCase2.CWXTCOB_RPTFILE_WRITE_02.00030: RPTFILE assertion" name="00003: Check for REG_RUN_MONTH"/>
    <testcase classname="EdsPipeline.CWXTCOB_Scenario.00001: CWXTCOBCase2.CWXTCOB_RPTFILE_WRITE_02.00030: RPTFILE assertion" name="00004: Check for FILLER2"/>
    <testcase classname="EdsPipeline.CWXTCOB_Scenario.00001: CWXTCOBCase2.CWXTCOB_RPTFILE_WRITE_02.00030: RPTFILE assertion" name="00005: Check for REG_RUN_DAY"/>
    <testcase classname="EdsPipeline.CWXTCOB_Scenario.00001: CWXTCOBCase2.CWXTCOB_RPTFILE_WRITE_02.00030: RPTFILE assertion" name="00006: Check for FILLER3"/>
    <testcase classname="EdsPipeline.CWXTCOB_Scenario.00001: CWXTCOBCase2.CWXTCOB_RPTFILE_WRITE_02.00030: RPTFILE assertion" name="00007: Check for REG_RUN_YEAR"/>
    <testcase classname="EdsPipeline.CWXTCOB_Scenario.00001: CWXTCOBCase2.CWXTCOB_RPTFILE_WRITE_02.00030: RPTFILE assertion" name="00008: Check for FILLER4"/>
    <testcase classname="EdsPipeline.CWXTCOB_Scenario.00001: CWXTCOBCase2.CWXTCOB_RPTFILE_WRITE_02.00030: RPTFILE assertion" name="00009: Check for FILLER5"/>
    <testcase classname="EdsPipeline.CWXTCOB_Scenario.00001: CWXTCOBCase2.CWXTCOB_RPTFILE_WRITE_02.00030: RPTFILE assertion" name="00010: Check for FILLER6"/>
    <testcase classname="EdsPipeline.CWXTCOB_Scenario.00001: CWXTCOBCase2.CWXTCOB_RPTFILE_WRITE_02.00030: RPTFILE assertion" name="00011: Check for FILLER7"/>
    <testcase classname="EdsPipeline.CWXTCOB_Scenario.00001: CWXTCOBCase2.CWXTCOB_RPTFILE_WRITE_02.00030: RPTFILE assertion" name="00012: Check for REG_PAGE"/>
  </testsuite>
  <testsuite errors="0" failures="0" name="EdsPipeline.CWXTCOB_Scenario.00001: CWXTCOBCase2.CWXTCOB_RPTFILE_WRITE_02.00031: RPTFILE assertion" tests="350">
    <testcase classname="EdsPipeline.CWXTCOB_Scenario.00001: CWXTCOBCase2.CWXTCOB_RPTFILE_WRITE_02.00031: RPTFILE assertion" name="00001: Check for BLANK_LINE"/>
  </testsuite>
  <testsuite errors="0" failures="0" name="EdsPipeline.CWXTCOB_Scenario.00001: CWXTCOBCase2.CWXTCOB_RPTFILE_WRITE_02.00032: RPTFILE assertion" tests="351">
    <testcase classname="EdsPipeline.CWXTCOB_Scenario.00001: CWXTCOBCase2.CWXTCOB_RPTFILE_WRITE_02.00032: RPTFILE assertion" name="00001: Check for BLANK_LINE"/>
  </testsuite>
  <testsuite errors="0" failures="0" name="EdsPipeline.CWXTCOB_Scenario.00001: CWXTCOBCase2.CWXTCOB_RPTFILE_WRITE_02.00033: RPTFILE assertion" tests="364">
    <testcase classname="EdsPipeline.CWXTCOB_Scenario.00001: CWXTCOBCase2.CWXTCOB_RPTFILE_WRITE_02.00033: RPTFILE assertion" name="00001: Check for FILLER0"/>
    <testcase classname="EdsPipeline.CWXTCOB_Scenario.00001: CWXTCOBCase2.CWXTCOB_RPTFILE_WRITE_02.00033: RPTFILE assertion" name="00002: Check for FILLER1"/>
    <testcase classname="EdsPipeline.CWXTCOB_Scenario.00001: CWXTCOBCase2.CWXTCOB_RPTFILE_WRITE_02.00033: RPTFILE assertion" name="00003: Check for FILLER2"/>
    <testcase classname="EdsPipeline.CWXTCOB_Scenario.00001: CWXTCOBCase2.CWXTCOB_RPTFILE_WRITE_02.00033: RPTFILE assertion" name="00004: Check for FILLER3"/>
    <testcase classname="EdsPipeline.CWXTCOB_Scenario.00001: CWXTCOBCase2.CWXTCOB_RPTFILE_WRITE_02.00033: RPTFILE assertion" name="00005: Check for FILLER4"/>
    <testcase classname="EdsPipeline.CWXTCOB_Scenario.00001: CWXTCOBCase2.CWXTCOB_RPTFILE_WRITE_02.00033: RPTFILE assertion" name="00006: Check for FILLER5"/>
    <testcase classname="EdsPipeline.CWXTCOB_Scenario.00001: CWXTCOBCase2.CWXTCOB_RPTFILE_WRITE_02.00033: RPTFILE assertion" name="00007: Check for FILLER6"/>
    <testcase classname="EdsPipeline.CWXTCOB_Scenario.00001: CWXTCOBCase2.CWXTCOB_RPTFILE_WRITE_02.00033: RPTFILE assertion" name="00008: Check for FILLER7"/>
    <testcase classname="EdsPipeline.CWXTCOB_Scenario.00001: CWXTCOBCase2.CWXTCOB_RPTFILE_WRITE_02.00033: RPTFILE assertion" name="00009: Check for FILLER8"/>
    <testcase classname="EdsPipeline.CWXTCOB_Scenario.00001: CWXTCOBCase2.CWXTCOB_RPTFILE_WRITE_02.00033: RPTFILE assertion" name="00010: Check for FILLER9"/>
    <testcase classname="EdsPipeline.CWXTCOB_Scenario.00001: CWXTCOBCase2.CWXTCOB_RPTFILE_WRITE_02.00033: RPTFILE assertion" name="00011: Check for FILLER10"/>
    <testcase classname="EdsPipeline.CWXTCOB_Scenario.00001: CWXTCOBCase2.CWXTCOB_RPTFILE_WRITE_02.00033: RPTFILE assertion" name="00012: Check for FILLER11"/>
    <testcase classname="EdsPipeline.CWXTCOB_Scenario.00001: CWXTCOBCase2.CWXTCOB_RPTFILE_WRITE_02.00033: RPTFILE assertion" name="00013: Check for FILLER12"/>
  </testsuite>
  <testsuite errors="0" failures="0" name="EdsPipeline.CWXTCOB_Scenario.00001: CWXTCOBCase2.CWXTCOB_RPTFILE_WRITE_02.00034: RPTFILE assertion" tests="365">
    <testcase classname="EdsPipeline.CWXTCOB_Scenario.00001: CWXTCOBCase2.CWXTCOB_RPTFILE_WRITE_02.00034: RPTFILE assertion" name="00001: Check for BLANK_LINE"/>
  </testsuite>
  <testsuite errors="0" failures="0" name="EdsPipeline.CWXTCOB_Scenario.00001: CWXTCOBCase2.CWXTCOB_RPTFILE_WRITE_02.00035: RPTFILE assertion" tests="379">
    <testcase classname="EdsPipeline.CWXTCOB_Scenario.00001: CWXTCOBCase2.CWXTCOB_RPTFILE_WRITE_02.00035: RPTFILE assertion" name="00001: Check for FILLER0"/>
    <testcase classname="EdsPipeline.CWXTCOB_Scenario.00001: CWXTCOBCase2.CWXTCOB_RPTFILE_WRITE_02.00035: RPTFILE assertion" name="00002: Check for REG_DTL_MANAGER"/>
    <testcase classname="EdsPipeline.CWXTCOB_Scenario.00001: CWXTCOBCase2.CWXTCOB_RPTFILE_WRITE_02.00035: RPTFILE assertion" name="00003: Check for FILLER1"/>
    <testcase classname="EdsPipeline.CWXTCOB_Scenario.00001: CWXTCOBCase2.CWXTCOB_RPTFILE_WRITE_02.00035: RPTFILE assertion" name="00004: Check for REG_DTL_REGION"/>
    <testcase classname="EdsPipeline.CWXTCOB_Scenario.00001: CWXTCOBCase2.CWXTCOB_RPTFILE_WRITE_02.00035: RPTFILE assertion" name="00005: Check for FILLER2"/>
    <testcase classname="EdsPipeline.CWXTCOB_Scenario.00001: CWXTCOBCase2.CWXTCOB_RPTFILE_WRITE_02.00035: RPTFILE assertion" name="00006: Check for REG_DTL_SALES"/>
    <testcase classname="EdsPipeline.CWXTCOB_Scenario.00001: CWXTCOBCase2.CWXTCOB_RPTFILE_WRITE_02.00035: RPTFILE assertion" name="00007: Check for FILLER3"/>
    <testcase classname="EdsPipeline.CWXTCOB_Scenario.00001: CWXTCOBCase2.CWXTCOB_RPTFILE_WRITE_02.00035: RPTFILE assertion" name="00008: Check for REG_DTL_SALARY"/>
    <testcase classname="EdsPipeline.CWXTCOB_Scenario.00001: CWXTCOBCase2.CWXTCOB_RPTFILE_WRITE_02.00035: RPTFILE assertion" name="00009: Check for FILLER4"/>
    <testcase classname="EdsPipeline.CWXTCOB_Scenario.00001: CWXTCOBCase2.CWXTCOB_RPTFILE_WRITE_02.00035: RPTFILE assertion" name="00010: Check for REG_DTL_COMM"/>
    <testcase classname="EdsPipeline.CWXTCOB_Scenario.00001: CWXTCOBCase2.CWXTCOB_RPTFILE_WRITE_02.00035: RPTFILE assertion" name="00011: Check for FILLER5"/>
    <testcase classname="EdsPipeline.CWXTCOB_Scenario.00001: CWXTCOBCase2.CWXTCOB_RPTFILE_WRITE_02.00035: RPTFILE assertion" name="00012: Check for REG_DTL_TOTAL"/>
    <testcase classname="EdsPipeline.CWXTCOB_Scenario.00001: CWXTCOBCase2.CWXTCOB_RPTFILE_WRITE_02.00035: RPTFILE assertion" name="00013: Check for FILLER6"/>
    <testcase classname="EdsPipeline.CWXTCOB_Scenario.00001: CWXTCOBCase2.CWXTCOB_RPTFILE_WRITE_02.00035: RPTFILE assertion" name="00014: Check for REG_DTL_COMMENT"/>
  </testsuite>
  <testsuite errors="0" failures="0" name="EdsPipeline.CWXTCOB_Scenario.00001: CWXTCOBCase2.CWXTCOB_RPTFILE_WRITE_02.00036: RPTFILE assertion" tests="393">
    <testcase classname="EdsPipeline.CWXTCOB_Scenario.00001: CWXTCOBCase2.CWXTCOB_RPTFILE_WRITE_02.00036: RPTFILE assertion" name="00001: Check for FILLER0"/>
    <testcase classname="EdsPipeline.CWXTCOB_Scenario.00001: CWXTCOBCase2.CWXTCOB_RPTFILE_WRITE_02.00036: RPTFILE assertion" name="00002: Check for REG_DTL_MANAGER"/>
    <testcase classname="EdsPipeline.CWXTCOB_Scenario.00001: CWXTCOBCase2.CWXTCOB_RPTFILE_WRITE_02.00036: RPTFILE assertion" name="00003: Check for FILLER1"/>
    <testcase classname="EdsPipeline.CWXTCOB_Scenario.00001: CWXTCOBCase2.CWXTCOB_RPTFILE_WRITE_02.00036: RPTFILE assertion" name="00004: Check for REG_DTL_REGION"/>
    <testcase classname="EdsPipeline.CWXTCOB_Scenario.00001: CWXTCOBCase2.CWXTCOB_RPTFILE_WRITE_02.00036: RPTFILE assertion" name="00005: Check for FILLER2"/>
    <testcase classname="EdsPipeline.CWXTCOB_Scenario.00001: CWXTCOBCase2.CWXTCOB_RPTFILE_WRITE_02.00036: RPTFILE assertion" name="00006: Check for REG_DTL_SALES"/>
    <testcase classname="EdsPipeline.CWXTCOB_Scenario.00001: CWXTCOBCase2.CWXTCOB_RPTFILE_WRITE_02.00036: RPTFILE assertion" name="00007: Check for FILLER3"/>
    <testcase classname="EdsPipeline.CWXTCOB_Scenario.00001: CWXTCOBCase2.CWXTCOB_RPTFILE_WRITE_02.00036: RPTFILE assertion" name="00008: Check for REG_DTL_SALARY"/>
    <testcase classname="EdsPipeline.CWXTCOB_Scenario.00001: CWXTCOBCase2.CWXTCOB_RPTFILE_WRITE_02.00036: RPTFILE assertion" name="00009: Check for FILLER4"/>
    <testcase classname="EdsPipeline.CWXTCOB_Scenario.00001: CWXTCOBCase2.CWXTCOB_RPTFILE_WRITE_02.00036: RPTFILE assertion" name="00010: Check for REG_DTL_COMM"/>
    <testcase classname="EdsPipeline.CWXTCOB_Scenario.00001: CWXTCOBCase2.CWXTCOB_RPTFILE_WRITE_02.00036: RPTFILE assertion" name="00011: Check for FILLER5"/>
    <testcase classname="EdsPipeline.CWXTCOB_Scenario.00001: CWXTCOBCase2.CWXTCOB_RPTFILE_WRITE_02.00036: RPTFILE assertion" name="00012: Check for REG_DTL_TOTAL"/>
    <testcase classname="EdsPipeline.CWXTCOB_Scenario.00001: CWXTCOBCase2.CWXTCOB_RPTFILE_WRITE_02.00036: RPTFILE assertion" name="00013: Check for FILLER6"/>
    <testcase classname="EdsPipeline.CWXTCOB_Scenario.00001: CWXTCOBCase2.CWXTCOB_RPTFILE_WRITE_02.00036: RPTFILE assertion" name="00014: Check for REG_DTL_COMMENT"/>
  </testsuite>
  <testsuite errors="0" failures="0" name="EdsPipeline.CWXTCOB_Scenario.00001: CWXTCOBCase2.CWXTCOB_RPTFILE_WRITE_02.00037: RPTFILE assertion" tests="407">
    <testcase classname="EdsPipeline.CWXTCOB_Scenario.00001: CWXTCOBCase2.CWXTCOB_RPTFILE_WRITE_02.00037: RPTFILE assertion" name="00001: Check for FILLER0"/>
    <testcase classname="EdsPipeline.CWXTCOB_Scenario.00001: CWXTCOBCase2.CWXTCOB_RPTFILE_WRITE_02.00037: RPTFILE assertion" name="00002: Check for REG_DTL_MANAGER"/>
    <testcase classname="EdsPipeline.CWXTCOB_Scenario.00001: CWXTCOBCase2.CWXTCOB_RPTFILE_WRITE_02.00037: RPTFILE assertion" name="00003: Check for FILLER1"/>
    <testcase classname="EdsPipeline.CWXTCOB_Scenario.00001: CWXTCOBCase2.CWXTCOB_RPTFILE_WRITE_02.00037: RPTFILE assertion" name="00004: Check for REG_DTL_REGION"/>
    <testcase classname="EdsPipeline.CWXTCOB_Scenario.00001: CWXTCOBCase2.CWXTCOB_RPTFILE_WRITE_02.00037: RPTFILE assertion" name="00005: Check for FILLER2"/>
    <testcase classname="EdsPipeline.CWXTCOB_Scenario.00001: CWXTCOBCase2.CWXTCOB_RPTFILE_WRITE_02.00037: RPTFILE assertion" name="00006: Check for REG_DTL_SALES"/>
    <testcase classname="EdsPipeline.CWXTCOB_Scenario.00001: CWXTCOBCase2.CWXTCOB_RPTFILE_WRITE_02.00037: RPTFILE assertion" name="00007: Check for FILLER3"/>
    <testcase classname="EdsPipeline.CWXTCOB_Scenario.00001: CWXTCOBCase2.CWXTCOB_RPTFILE_WRITE_02.00037: RPTFILE assertion" name="00008: Check for REG_DTL_SALARY"/>
    <testcase classname="EdsPipeline.CWXTCOB_Scenario.00001: CWXTCOBCase2.CWXTCOB_RPTFILE_WRITE_02.00037: RPTFILE assertion" name="00009: Check for FILLER4"/>
    <testcase classname="EdsPipeline.CWXTCOB_Scenario.00001: CWXTCOBCase2.CWXTCOB_RPTFILE_WRITE_02.00037: RPTFILE assertion" name="00010: Check for REG_DTL_COMM"/>
    <testcase classname="EdsPipeline.CWXTCOB_Scenario.00001: CWXTCOBCase2.CWXTCOB_RPTFILE_WRITE_02.00037: RPTFILE assertion" name="00011: Check for FILLER5"/>
    <testcase classname="EdsPipeline.CWXTCOB_Scenario.00001: CWXTCOBCase2.CWXTCOB_RPTFILE_WRITE_02.00037: RPTFILE assertion" name="00012: Check for REG_DTL_TOTAL"/>
    <testcase classname="EdsPipeline.CWXTCOB_Scenario.00001: CWXTCOBCase2.CWXTCOB_RPTFILE_WRITE_02.00037: RPTFILE assertion" name="00013: Check for FILLER6"/>
    <testcase classname="EdsPipeline.CWXTCOB_Scenario.00001: CWXTCOBCase2.CWXTCOB_RPTFILE_WRITE_02.00037: RPTFILE assertion" name="00014: Check for REG_DTL_COMMENT"/>
  </testsuite>
  <testsuite errors="0" failures="0" name="EdsPipeline.CWXTCOB_Scenario.00001: CWXTCOBCase2.CWXTCOB_RPTFILE_WRITE_02.00038: RPTFILE assertion" tests="421">
    <testcase classname="EdsPipeline.CWXTCOB_Scenario.00001: CWXTCOBCase2.CWXTCOB_RPTFILE_WRITE_02.00038: RPTFILE assertion" name="00001: Check for FILLER0"/>
    <testcase classname="EdsPipeline.CWXTCOB_Scenario.00001: CWXTCOBCase2.CWXTCOB_RPTFILE_WRITE_02.00038: RPTFILE assertion" name="00002: Check for REG_DTL_MANAGER"/>
    <testcase classname="EdsPipeline.CWXTCOB_Scenario.00001: CWXTCOBCase2.CWXTCOB_RPTFILE_WRITE_02.00038: RPTFILE assertion" name="00003: Check for FILLER1"/>
    <testcase classname="EdsPipeline.CWXTCOB_Scenario.00001: CWXTCOBCase2.CWXTCOB_RPTFILE_WRITE_02.00038: RPTFILE assertion" name="00004: Check for REG_DTL_REGION"/>
    <testcase classname="EdsPipeline.CWXTCOB_Scenario.00001: CWXTCOBCase2.CWXTCOB_RPTFILE_WRITE_02.00038: RPTFILE assertion" name="00005: Check for FILLER2"/>
    <testcase classname="EdsPipeline.CWXTCOB_Scenario.00001: CWXTCOBCase2.CWXTCOB_RPTFILE_WRITE_02.00038: RPTFILE assertion" name="00006: Check for REG_DTL_SALES"/>
    <testcase classname="EdsPipeline.CWXTCOB_Scenario.00001: CWXTCOBCase2.CWXTCOB_RPTFILE_WRITE_02.00038: RPTFILE assertion" name="00007: Check for FILLER3"/>
    <testcase classname="EdsPipeline.CWXTCOB_Scenario.00001: CWXTCOBCase2.CWXTCOB_RPTFILE_WRITE_02.00038: RPTFILE assertion" name="00008: Check for REG_DTL_SALARY"/>
    <testcase classname="EdsPipeline.CWXTCOB_Scenario.00001: CWXTCOBCase2.CWXTCOB_RPTFILE_WRITE_02.00038: RPTFILE assertion" name="00009: Check for FILLER4"/>
    <testcase classname="EdsPipeline.CWXTCOB_Scenario.00001: CWXTCOBCase2.CWXTCOB_RPTFILE_WRITE_02.00038: RPTFILE assertion" name="00010: Check for REG_DTL_COMM"/>
    <testcase classname="EdsPipeline.CWXTCOB_Scenario.00001: CWXTCOBCase2.CWXTCOB_RPTFILE_WRITE_02.00038: RPTFILE assertion" name="00011: Check for FILLER5"/>
    <testcase classname="EdsPipeline.CWXTCOB_Scenario.00001: CWXTCOBCase2.CWXTCOB_RPTFILE_WRITE_02.00038: RPTFILE assertion" name="00012: Check for REG_DTL_TOTAL"/>
    <testcase classname="EdsPipeline.CWXTCOB_Scenario.00001: CWXTCOBCase2.CWXTCOB_RPTFILE_WRITE_02.00038: RPTFILE assertion" name="00013: Check for FILLER6"/>
    <testcase classname="EdsPipeline.CWXTCOB_Scenario.00001: CWXTCOBCase2.CWXTCOB_RPTFILE_WRITE_02.00038: RPTFILE assertion" name="00014: Check for REG_DTL_COMMENT"/>
  </testsuite>
  <testsuite errors="0" failures="0" name="EdsPipeline.CWXTCOB_Scenario.00001: CWXTCOBCase2.CWXTCOB_RPTFILE_WRITE_02.00039: RPTFILE assertion" tests="422">
    <testcase classname="EdsPipeline.CWXTCOB_Scenario.00001: CWXTCOBCase2.CWXTCOB_RPTFILE_WRITE_02.00039: RPTFILE assertion" name="00001: Check for BLANK_LINE"/>
  </testsuite>
  <testsuite errors="0" failures="0" name="EdsPipeline.CWXTCOB_Scenario.00001: CWXTCOBCase2.CWXTCOB_RPTFILE_WRITE_02.00040: RPTFILE assertion" tests="427">
    <testcase classname="EdsPipeline.CWXTCOB_Scenario.00001: CWXTCOBCase2.CWXTCOB_RPTFILE_WRITE_02.00040: RPTFILE assertion" name="00001: Check for FILLER0"/>
    <testcase classname="EdsPipeline.CWXTCOB_Scenario.00001: CWXTCOBCase2.CWXTCOB_RPTFILE_WRITE_02.00040: RPTFILE assertion" name="00002: Check for FILLER1"/>
    <testcase classname="EdsPipeline.CWXTCOB_Scenario.00001: CWXTCOBCase2.CWXTCOB_RPTFILE_WRITE_02.00040: RPTFILE assertion" name="00003: Check for FILLER2"/>
    <testcase classname="EdsPipeline.CWXTCOB_Scenario.00001: CWXTCOBCase2.CWXTCOB_RPTFILE_WRITE_02.00040: RPTFILE assertion" name="00004: Check for MGMT_GRAND_TOTAL"/>
    <testcase classname="EdsPipeline.CWXTCOB_Scenario.00001: CWXTCOBCase2.CWXTCOB_RPTFILE_WRITE_02.00040: RPTFILE assertion" name="00005: Check for FILLER3"/>
  </testsuite>
</testsuites>